  [1m[35m (466.4ms)[0m  [1m[35mCREATE DATABASE "music_app_development" ENCODING = 'unicode'[0m
  ↳ bin/rails:9
  [1m[35m (277.5ms)[0m  [1m[35mCREATE DATABASE "music_app_test" ENCODING = 'unicode'[0m
  ↳ bin/rails:9
  [1m[35m (26.4ms)[0m  [1m[35mCREATE TABLE "schema_migrations" ("version" character varying NOT NULL PRIMARY KEY)[0m
  ↳ bin/rails:9
  [1m[35m (5.9ms)[0m  [1m[35mCREATE TABLE "ar_internal_metadata" ("key" character varying NOT NULL PRIMARY KEY, "value" character varying, "created_at" timestamp NOT NULL, "updated_at" timestamp NOT NULL)[0m
  ↳ bin/rails:9
  [1m[35m (2.2ms)[0m  [1m[34mSELECT pg_try_advisory_lock(4505726345591715405)[0m
  ↳ bin/rails:9
  [1m[35m (1.0ms)[0m  [1m[34mSELECT "schema_migrations"."version" FROM "schema_migrations" ORDER BY "schema_migrations"."version" ASC[0m
  ↳ bin/rails:9
Migrating to CreateUsers (20181115181047)
  [1m[35m (0.3ms)[0m  [1m[35mBEGIN[0m
  ↳ bin/rails:9
  [1m[35m (7.3ms)[0m  [1m[35mCREATE TABLE "users" ("id" bigserial primary key, "email" character varying NOT NULL, "session_token" character varying NOT NULL, "password_digest" character varying NOT NULL, "created_at" timestamp NOT NULL, "updated_at" timestamp NOT NULL)[0m
  ↳ db/migrate/20181115181047_create_users.rb:3
  [1m[35m (1.2ms)[0m  [1m[35mCREATE UNIQUE INDEX  "index_users_on_email" ON "users"  ("email")[0m
  ↳ db/migrate/20181115181047_create_users.rb:9
  [1m[35m (1.1ms)[0m  [1m[35mCREATE UNIQUE INDEX  "index_users_on_session_token" ON "users"  ("session_token")[0m
  ↳ db/migrate/20181115181047_create_users.rb:10
  [1m[36mActiveRecord::SchemaMigration Create (1.6ms)[0m  [1m[32mINSERT INTO "schema_migrations" ("version") VALUES ($1) RETURNING "version"[0m  [["version", "20181115181047"]]
  ↳ bin/rails:9
  [1m[35m (2.1ms)[0m  [1m[35mCOMMIT[0m
  ↳ bin/rails:9
  [1m[36mActiveRecord::InternalMetadata Load (0.6ms)[0m  [1m[34mSELECT  "ar_internal_metadata".* FROM "ar_internal_metadata" WHERE "ar_internal_metadata"."key" = $1 LIMIT $2[0m  [["key", "environment"], ["LIMIT", 1]]
  ↳ bin/rails:9
  [1m[35m (0.2ms)[0m  [1m[35mBEGIN[0m
  ↳ bin/rails:9
  [1m[36mActiveRecord::InternalMetadata Create (1.3ms)[0m  [1m[32mINSERT INTO "ar_internal_metadata" ("key", "value", "created_at", "updated_at") VALUES ($1, $2, $3, $4) RETURNING "key"[0m  [["key", "environment"], ["value", "development"], ["created_at", "2018-11-15 18:16:42.393605"], ["updated_at", "2018-11-15 18:16:42.393605"]]
  ↳ bin/rails:9
  [1m[35m (0.4ms)[0m  [1m[35mCOMMIT[0m
  ↳ bin/rails:9
  [1m[35m (0.3ms)[0m  [1m[34mSELECT pg_advisory_unlock(4505726345591715405)[0m
  ↳ bin/rails:9
  [1m[35m (0.9ms)[0m  [1m[34mSELECT "schema_migrations"."version" FROM "schema_migrations" ORDER BY "schema_migrations"."version" ASC[0m
  ↳ bin/rails:9
Started GET "/" for 127.0.0.1 at 2018-11-15 10:48:06 -0800
  [1m[35m (2.7ms)[0m  [1m[34mSELECT "schema_migrations"."version" FROM "schema_migrations" ORDER BY "schema_migrations"."version" ASC[0m
  ↳ /Users/jnapolitan/.rvm/gems/ruby-2.3.1/gems/activerecord-5.2.1/lib/active_record/log_subscriber.rb:98
Processing by Rails::WelcomeController#index as HTML
  Rendering /Users/jnapolitan/.rvm/gems/ruby-2.3.1/gems/railties-5.2.1/lib/rails/templates/rails/welcome/index.html.erb
  Rendered /Users/jnapolitan/.rvm/gems/ruby-2.3.1/gems/railties-5.2.1/lib/rails/templates/rails/welcome/index.html.erb (6.4ms)
Completed 200 OK in 37ms (Views: 20.8ms | ActiveRecord: 0.0ms)


Started GET "/" for 127.0.0.1 at 2018-11-15 10:48:10 -0800
Processing by Rails::WelcomeController#index as HTML
  Rendering /Users/jnapolitan/.rvm/gems/ruby-2.3.1/gems/railties-5.2.1/lib/rails/templates/rails/welcome/index.html.erb
  Rendered /Users/jnapolitan/.rvm/gems/ruby-2.3.1/gems/railties-5.2.1/lib/rails/templates/rails/welcome/index.html.erb (3.4ms)
Completed 200 OK in 11ms (Views: 7.1ms | ActiveRecord: 0.0ms)


Started GET "//users/new" for 127.0.0.1 at 2018-11-15 10:48:17 -0800

SyntaxError - compile error:
  app/controllers/users_controller.rb:1:in `<main>'

Started POST "/__better_errors/123e6fa3fc8a426e/variables" for 127.0.0.1 at 2018-11-15 10:48:17 -0800
Started POST "/__better_errors/123e6fa3fc8a426e/eval" for 127.0.0.1 at 2018-11-15 10:48:34 -0800
Started GET "//users/new" for 127.0.0.1 at 2018-11-15 10:49:10 -0800

LoadError - Unable to autoload constant ApplicationController, expected /Users/jnapolitan/Desktop/W4D4/music_app/app/controllers/application_controller.rb to define it:
  app/controllers/users_controller.rb:1:in `<main>'

Started POST "/__better_errors/c0323475794b9e53/variables" for 127.0.0.1 at 2018-11-15 10:49:10 -0800
  [1m[35m (0.2ms)[0m  [1m[34mSELECT pg_try_advisory_lock(4505726345591715405)[0m
  ↳ bin/rails:9
  [1m[35m (1.1ms)[0m  [1m[34mSELECT "schema_migrations"."version" FROM "schema_migrations" ORDER BY "schema_migrations"."version" ASC[0m
  ↳ bin/rails:9
  [1m[36mActiveRecord::InternalMetadata Load (2.0ms)[0m  [1m[34mSELECT  "ar_internal_metadata".* FROM "ar_internal_metadata" WHERE "ar_internal_metadata"."key" = $1 LIMIT $2[0m  [["key", "environment"], ["LIMIT", 1]]
  ↳ bin/rails:9
  [1m[35m (0.2ms)[0m  [1m[35mBEGIN[0m
  ↳ bin/rails:9
  [1m[35m (0.1ms)[0m  [1m[35mCOMMIT[0m
  ↳ bin/rails:9
  [1m[35m (0.3ms)[0m  [1m[34mSELECT pg_advisory_unlock(4505726345591715405)[0m
  ↳ bin/rails:9
  [1m[35m (0.3ms)[0m  [1m[34mSELECT "schema_migrations"."version" FROM "schema_migrations" ORDER BY "schema_migrations"."version" ASC[0m
  ↳ bin/rails:9
Started GET "/users/new" for 127.0.0.1 at 2018-11-15 10:49:53 -0800
  [1m[35m (1.3ms)[0m  [1m[34mSELECT "schema_migrations"."version" FROM "schema_migrations" ORDER BY "schema_migrations"."version" ASC[0m
  ↳ /Users/jnapolitan/.rvm/gems/ruby-2.3.1/gems/activerecord-5.2.1/lib/active_record/log_subscriber.rb:98

LoadError - Unable to autoload constant ApplicationController, expected /Users/jnapolitan/Desktop/W4D4/music_app/app/controllers/application_controller.rb to define it:
  app/controllers/users_controller.rb:1:in `<main>'

Started POST "/__better_errors/b744c8a774ad732b/variables" for 127.0.0.1 at 2018-11-15 10:49:53 -0800
Started GET "/users/new" for 127.0.0.1 at 2018-11-15 11:04:44 -0800

SyntaxError - compile error:
  app/controllers/users_controller.rb:1:in `<main>'

Started POST "/__better_errors/f0f1cf2baff780eb/variables" for 127.0.0.1 at 2018-11-15 11:04:54 -0800
Started GET "/users/new" for 127.0.0.1 at 2018-11-15 11:05:19 -0800
Processing by UsersController#new as HTML
Completed 500 Internal Server Error in 21ms (ActiveRecord: 0.0ms)



ArgumentError - Range unspecified. Specify the :in, :within, :maximum, :minimum, or :is option.:
  app/models/user.rb:3:in `<class:User>'
  app/models/user.rb:1:in `<main>'
  app/controllers/users_controller.rb:4:in `new'

Started POST "/__better_errors/3864ffe604b4d1d3/variables" for 127.0.0.1 at 2018-11-15 11:05:19 -0800
Started GET "/users/new" for 127.0.0.1 at 2018-11-15 11:05:36 -0800
Processing by UsersController#new as HTML
  Rendering users/new.html.erb within layouts/application
  Rendered users/_user_form.html.erb (0.7ms)
  Rendered users/new.html.erb within layouts/application (10.4ms)
Completed 500 Internal Server Error in 360ms (ActiveRecord: 14.4ms)



Sprockets::FileNotFound - couldn't find file 'activestorage' with type 'application/javascript'
Checked in these paths: 
  /Users/jnapolitan/Desktop/W4D4/music_app/app/assets/config
  /Users/jnapolitan/Desktop/W4D4/music_app/app/assets/images
  /Users/jnapolitan/Desktop/W4D4/music_app/app/assets/javascripts
  /Users/jnapolitan/Desktop/W4D4/music_app/app/assets/stylesheets
  /Users/jnapolitan/.rvm/gems/ruby-2.3.1/gems/coffee-rails-4.2.2/lib/assets/javascripts
  /Users/jnapolitan/.rvm/gems/ruby-2.3.1/gems/actioncable-5.2.1/lib/assets/compiled
  /Users/jnapolitan/.rvm/gems/ruby-2.3.1/gems/actionview-5.2.1/lib/assets/compiled
  /Users/jnapolitan/.rvm/gems/ruby-2.3.1/gems/turbolinks-source-5.2.0/lib/assets/javascripts
  /Users/jnapolitan/Desktop/W4D4/music_app/node_modules:
  app/views/layouts/application.html.erb:8:in `_app_views_layouts_application_html_erb__643242584228267135_70274580460820'

Started POST "/__better_errors/b8ee3108a01fc0f3/variables" for 127.0.0.1 at 2018-11-15 11:05:37 -0800
Started GET "/users/new" for 127.0.0.1 at 2018-11-15 11:08:10 -0800
Processing by UsersController#new as HTML
  Rendering users/new.html.erb within layouts/application
  Rendered users/_user_form.html.erb (1.5ms)
  Rendered users/new.html.erb within layouts/application (8.2ms)
Completed 500 Internal Server Error in 48ms (ActiveRecord: 0.0ms)



Sprockets::FileNotFound - couldn't find file 'activestorage' with type 'application/javascript'
Checked in these paths: 
  /Users/jnapolitan/Desktop/W4D4/music_app/app/assets/config
  /Users/jnapolitan/Desktop/W4D4/music_app/app/assets/images
  /Users/jnapolitan/Desktop/W4D4/music_app/app/assets/javascripts
  /Users/jnapolitan/Desktop/W4D4/music_app/app/assets/stylesheets
  /Users/jnapolitan/.rvm/gems/ruby-2.3.1/gems/coffee-rails-4.2.2/lib/assets/javascripts
  /Users/jnapolitan/.rvm/gems/ruby-2.3.1/gems/actioncable-5.2.1/lib/assets/compiled
  /Users/jnapolitan/.rvm/gems/ruby-2.3.1/gems/actionview-5.2.1/lib/assets/compiled
  /Users/jnapolitan/.rvm/gems/ruby-2.3.1/gems/turbolinks-source-5.2.0/lib/assets/javascripts
  /Users/jnapolitan/Desktop/W4D4/music_app/node_modules:
  app/views/layouts/application.html.erb:8:in `_app_views_layouts_application_html_erb__643242584228267135_70274594391320'

Started POST "/__better_errors/362a6473630ea03a/variables" for 127.0.0.1 at 2018-11-15 11:08:10 -0800
Started GET "/users/new" for 127.0.0.1 at 2018-11-15 11:08:48 -0800
Processing by UsersController#new as HTML
  Rendering users/new.html.erb within layouts/application
  Rendered users/_user_form.html.erb (0.5ms)
  Rendered users/new.html.erb within layouts/application (6.7ms)
Completed 500 Internal Server Error in 48ms (ActiveRecord: 0.0ms)



Sprockets::FileNotFound - couldn't find file 'activestorage' with type 'application/javascript'
Checked in these paths: 
  /Users/jnapolitan/Desktop/W4D4/music_app/app/assets/config
  /Users/jnapolitan/Desktop/W4D4/music_app/app/assets/images
  /Users/jnapolitan/Desktop/W4D4/music_app/app/assets/javascripts
  /Users/jnapolitan/Desktop/W4D4/music_app/app/assets/stylesheets
  /Users/jnapolitan/.rvm/gems/ruby-2.3.1/gems/coffee-rails-4.2.2/lib/assets/javascripts
  /Users/jnapolitan/.rvm/gems/ruby-2.3.1/gems/actioncable-5.2.1/lib/assets/compiled
  /Users/jnapolitan/.rvm/gems/ruby-2.3.1/gems/actionview-5.2.1/lib/assets/compiled
  /Users/jnapolitan/.rvm/gems/ruby-2.3.1/gems/turbolinks-source-5.2.0/lib/assets/javascripts
  /Users/jnapolitan/Desktop/W4D4/music_app/node_modules:
  app/views/layouts/application.html.erb:8:in `_app_views_layouts_application_html_erb__643242584228267135_70274580073380'

Started POST "/__better_errors/912a6b32d3fc0eba/variables" for 127.0.0.1 at 2018-11-15 11:08:48 -0800
Started GET "/users/new" for 127.0.0.1 at 2018-11-15 11:10:42 -0800
Processing by UsersController#new as HTML
  Rendering users/new.html.erb within layouts/application
  Rendered users/_user_form.html.erb (2.6ms)
  Rendered users/new.html.erb within layouts/application (13.1ms)
Completed 500 Internal Server Error in 54ms (ActiveRecord: 0.0ms)



SyntaxError - syntax error, unexpected tIDENTIFIER, expecting ')'
...script_include_tag 'application', 'data-turbolinks-track': '...
...                               ^
/Users/jnapolitan/Desktop/W4D4/music_app/app/views/layouts/application.html.erb:9: syntax error, unexpected tIDENTIFIER, expecting ')'
...nclude_tag 'application', 'data-turbolinks-track': 'reload' ...
...                               ^
/Users/jnapolitan/Desktop/W4D4/music_app/app/views/layouts/application.html.erb:9: syntax error, unexpected tSTRING_BEG, expecting keyword_do or '{' or '('
...ation', 'data-turbolinks-track': 'reload' );@output_buffer.s...
...                               ^
/Users/jnapolitan/Desktop/W4D4/music_app/app/views/layouts/application.html.erb:9: syntax error, unexpected tIDENTIFIER, expecting ')'
...data-turbolinks-track': 'reload' );@output_buffer.safe_appen...
...                               ^
/Users/jnapolitan/Desktop/W4D4/music_app/app/views/layouts/application.html.erb:10: syntax error, unexpected '<', expecting ')'
  </head>
   ^
/Users/jnapolitan/Desktop/W4D4/music_app/app/views/layouts/application.html.erb:14: unknown regexp options - bdy
/Users/jnapolitan/Desktop/W4D4/music_app/app/views/layouts/application.html.erb:15: syntax error, unexpected '<'
</html>
 ^
/Users/jnapolitan/Desktop/W4D4/music_app/app/views/layouts/application.html.erb:15: unterminated regexp meets end of file:
  app/views/layouts/application.html.erb:9:in `'

Started POST "/__better_errors/5b5c63455f358b45/variables" for 127.0.0.1 at 2018-11-15 11:10:43 -0800
Started GET "/users/new" for 127.0.0.1 at 2018-11-15 11:10:51 -0800
Processing by UsersController#new as HTML
  Rendering users/new.html.erb within layouts/application
  Rendered users/_user_form.html.erb (1.7ms)
  Rendered users/new.html.erb within layouts/application (8.5ms)
Completed 500 Internal Server Error in 34ms (ActiveRecord: 0.0ms)



SyntaxError - syntax error, unexpected tIDENTIFIER, expecting ')'
...script_include_tag 'application', 'data-turbolinks-track': '...
...                               ^
/Users/jnapolitan/Desktop/W4D4/music_app/app/views/layouts/application.html.erb:9: syntax error, unexpected tIDENTIFIER, expecting ')'
...nclude_tag 'application', 'data-turbolinks-track': 'reload' ...
...                               ^
/Users/jnapolitan/Desktop/W4D4/music_app/app/views/layouts/application.html.erb:9: syntax error, unexpected tSTRING_BEG, expecting keyword_do or '{' or '('
...ation', 'data-turbolinks-track': 'reload' );@output_buffer.s...
...                               ^
/Users/jnapolitan/Desktop/W4D4/music_app/app/views/layouts/application.html.erb:9: syntax error, unexpected tIDENTIFIER, expecting ')'
...data-turbolinks-track': 'reload' );@output_buffer.safe_appen...
...                               ^
/Users/jnapolitan/Desktop/W4D4/music_app/app/views/layouts/application.html.erb:10: syntax error, unexpected '<', expecting ')'
  </head>
   ^
/Users/jnapolitan/Desktop/W4D4/music_app/app/views/layouts/application.html.erb:14: unknown regexp options - bdy
/Users/jnapolitan/Desktop/W4D4/music_app/app/views/layouts/application.html.erb:15: syntax error, unexpected '<'
</html>
 ^
/Users/jnapolitan/Desktop/W4D4/music_app/app/views/layouts/application.html.erb:15: unterminated regexp meets end of file:
  app/views/layouts/application.html.erb:9:in `'

Started POST "/__better_errors/f7e6971db8035dbe/variables" for 127.0.0.1 at 2018-11-15 11:10:52 -0800
Started GET "/users/new" for 127.0.0.1 at 2018-11-15 11:11:03 -0800
Processing by UsersController#new as HTML
  Rendering users/new.html.erb within layouts/application
  Rendered users/_user_form.html.erb (0.6ms)
  Rendered users/new.html.erb within layouts/application (5.2ms)
Completed 500 Internal Server Error in 36ms (ActiveRecord: 0.0ms)



Sprockets::FileNotFound - couldn't find file 'activestorage' with type 'application/javascript'
Checked in these paths: 
  /Users/jnapolitan/Desktop/W4D4/music_app/app/assets/config
  /Users/jnapolitan/Desktop/W4D4/music_app/app/assets/images
  /Users/jnapolitan/Desktop/W4D4/music_app/app/assets/javascripts
  /Users/jnapolitan/Desktop/W4D4/music_app/app/assets/stylesheets
  /Users/jnapolitan/.rvm/gems/ruby-2.3.1/gems/coffee-rails-4.2.2/lib/assets/javascripts
  /Users/jnapolitan/.rvm/gems/ruby-2.3.1/gems/actioncable-5.2.1/lib/assets/compiled
  /Users/jnapolitan/.rvm/gems/ruby-2.3.1/gems/actionview-5.2.1/lib/assets/compiled
  /Users/jnapolitan/.rvm/gems/ruby-2.3.1/gems/turbolinks-source-5.2.0/lib/assets/javascripts
  /Users/jnapolitan/Desktop/W4D4/music_app/node_modules:
  app/views/layouts/application.html.erb:8:in `_app_views_layouts_application_html_erb__643242584228267135_70274580512640'

Started POST "/__better_errors/3c9fa500a11be46b/variables" for 127.0.0.1 at 2018-11-15 11:11:03 -0800
Started GET "/users/new" for 127.0.0.1 at 2018-11-15 11:11:34 -0800
Processing by UsersController#new as HTML
  Rendering users/new.html.erb within layouts/application
  Rendered users/_user_form.html.erb (0.6ms)
  Rendered users/new.html.erb within layouts/application (3.9ms)
Completed 200 OK in 46ms (Views: 42.0ms | ActiveRecord: 0.0ms)


Started GET "/session/new" for 127.0.0.1 at 2018-11-15 11:13:13 -0800
Processing by SessionsController#new as HTML
  Rendering sessions/new.html.erb within layouts/application
  Rendered users/_user_form.html.erb (0.4ms)
  Rendered sessions/new.html.erb within layouts/application (3.4ms)
Completed 200 OK in 25ms (Views: 20.1ms | ActiveRecord: 0.0ms)


Started GET "/sessions/new" for 127.0.0.1 at 2018-11-15 11:13:14 -0800
  
ActionController::RoutingError (No route matches [GET] "/sessions/new"):
  
actionpack (5.2.1) lib/action_dispatch/middleware/debug_exceptions.rb:65:in `call'
web-console (3.7.0) lib/web_console/middleware.rb:135:in `call_app'
web-console (3.7.0) lib/web_console/middleware.rb:30:in `block in call'
web-console (3.7.0) lib/web_console/middleware.rb:20:in `catch'
web-console (3.7.0) lib/web_console/middleware.rb:20:in `call'
actionpack (5.2.1) lib/action_dispatch/middleware/show_exceptions.rb:33:in `call'
railties (5.2.1) lib/rails/rack/logger.rb:38:in `call_app'
railties (5.2.1) lib/rails/rack/logger.rb:26:in `block in call'
activesupport (5.2.1) lib/active_support/tagged_logging.rb:71:in `block in tagged'
activesupport (5.2.1) lib/active_support/tagged_logging.rb:28:in `tagged'
activesupport (5.2.1) lib/active_support/tagged_logging.rb:71:in `tagged'
railties (5.2.1) lib/rails/rack/logger.rb:26:in `call'
sprockets-rails (3.2.1) lib/sprockets/rails/quiet_assets.rb:13:in `call'
actionpack (5.2.1) lib/action_dispatch/middleware/remote_ip.rb:81:in `call'
actionpack (5.2.1) lib/action_dispatch/middleware/request_id.rb:27:in `call'
rack (2.0.6) lib/rack/method_override.rb:22:in `call'
rack (2.0.6) lib/rack/runtime.rb:22:in `call'
activesupport (5.2.1) lib/active_support/cache/strategy/local_cache_middleware.rb:29:in `call'
actionpack (5.2.1) lib/action_dispatch/middleware/executor.rb:14:in `call'
actionpack (5.2.1) lib/action_dispatch/middleware/static.rb:127:in `call'
rack (2.0.6) lib/rack/sendfile.rb:111:in `call'
railties (5.2.1) lib/rails/engine.rb:524:in `call'
puma (3.12.0) lib/puma/configuration.rb:225:in `call'
puma (3.12.0) lib/puma/server.rb:658:in `handle_request'
puma (3.12.0) lib/puma/server.rb:472:in `process_client'
puma (3.12.0) lib/puma/server.rb:332:in `block in run'
puma (3.12.0) lib/puma/thread_pool.rb:133:in `block in spawn_thread'
Started GET "/session/new" for 127.0.0.1 at 2018-11-15 11:13:20 -0800
Processing by SessionsController#new as HTML
  Rendering sessions/new.html.erb within layouts/application
  Rendered users/_user_form.html.erb (0.3ms)
  Rendered sessions/new.html.erb within layouts/application (3.2ms)
Completed 200 OK in 23ms (Views: 18.8ms | ActiveRecord: 0.0ms)


Started GET "/session/new" for 127.0.0.1 at 2018-11-15 11:16:27 -0800
Processing by SessionsController#new as HTML
  Rendering sessions/new.html.erb within layouts/application
  Rendered users/_user_form.html.erb (0.8ms)
  Rendered sessions/new.html.erb within layouts/application (7.2ms)
Completed 500 Internal Server Error in 28ms (ActiveRecord: 0.0ms)



SyntaxError - syntax error, unexpected ')', expecting keyword_then or ';' or '\n'
...ffer.append=( if current_user );@output_buffer.safe_append='
...                               ^
/Users/jnapolitan/Desktop/W4D4/music_app/app/views/layouts/application.html.erb:21: syntax error, unexpected keyword_else
...ze;@output_buffer.append=( else );@output_buffer.safe_append...
...                               ^
/Users/jnapolitan/Desktop/W4D4/music_app/app/views/layouts/application.html.erb:25: syntax error, unexpected keyword_end
...eze;@output_buffer.append=( end );@output_buffer.safe_append...
...                               ^
/Users/jnapolitan/Desktop/W4D4/music_app/app/views/layouts/application.html.erb:34: syntax error, unexpected keyword_ensure, expecting ')'
/Users/jnapolitan/Desktop/W4D4/music_app/app/views/layouts/application.html.erb:36: syntax error, unexpected keyword_end, expecting ')':
  app/views/layouts/application.html.erb:16:in `'

Started POST "/__better_errors/a5fc7b90ddc2ad9d/variables" for 127.0.0.1 at 2018-11-15 11:16:27 -0800
Started GET "/session/new" for 127.0.0.1 at 2018-11-15 11:16:51 -0800
Processing by SessionsController#new as HTML
  Rendering sessions/new.html.erb within layouts/application
  Rendered users/_user_form.html.erb (0.5ms)
  Rendered sessions/new.html.erb within layouts/application (5.7ms)
  [1m[36mUser Load (4.5ms)[0m  [1m[34mSELECT  "users".* FROM "users" WHERE "users"."session_token" IS NULL LIMIT $1[0m  [["LIMIT", 1]]
  ↳ app/controllers/application_controller.rb:13
Completed 200 OK in 72ms (Views: 62.7ms | ActiveRecord: 4.5ms)


Started GET "/users/new" for 127.0.0.1 at 2018-11-15 11:16:59 -0800
Processing by UsersController#new as HTML
  Rendering users/new.html.erb within layouts/application
  Rendered users/_user_form.html.erb (0.4ms)
  Rendered users/new.html.erb within layouts/application (3.6ms)
  [1m[36mUser Load (0.6ms)[0m  [1m[34mSELECT  "users".* FROM "users" WHERE "users"."session_token" IS NULL LIMIT $1[0m  [["LIMIT", 1]]
  ↳ app/controllers/application_controller.rb:13
Completed 200 OK in 28ms (Views: 22.5ms | ActiveRecord: 0.6ms)


Started POST "/session/new" for 127.0.0.1 at 2018-11-15 11:17:01 -0800
  
ActionController::RoutingError (No route matches [POST] "/session/new"):
  
actionpack (5.2.1) lib/action_dispatch/middleware/debug_exceptions.rb:65:in `call'
web-console (3.7.0) lib/web_console/middleware.rb:135:in `call_app'
web-console (3.7.0) lib/web_console/middleware.rb:30:in `block in call'
web-console (3.7.0) lib/web_console/middleware.rb:20:in `catch'
web-console (3.7.0) lib/web_console/middleware.rb:20:in `call'
actionpack (5.2.1) lib/action_dispatch/middleware/show_exceptions.rb:33:in `call'
railties (5.2.1) lib/rails/rack/logger.rb:38:in `call_app'
railties (5.2.1) lib/rails/rack/logger.rb:26:in `block in call'
activesupport (5.2.1) lib/active_support/tagged_logging.rb:71:in `block in tagged'
activesupport (5.2.1) lib/active_support/tagged_logging.rb:28:in `tagged'
activesupport (5.2.1) lib/active_support/tagged_logging.rb:71:in `tagged'
railties (5.2.1) lib/rails/rack/logger.rb:26:in `call'
sprockets-rails (3.2.1) lib/sprockets/rails/quiet_assets.rb:13:in `call'
actionpack (5.2.1) lib/action_dispatch/middleware/remote_ip.rb:81:in `call'
actionpack (5.2.1) lib/action_dispatch/middleware/request_id.rb:27:in `call'
rack (2.0.6) lib/rack/method_override.rb:22:in `call'
rack (2.0.6) lib/rack/runtime.rb:22:in `call'
activesupport (5.2.1) lib/active_support/cache/strategy/local_cache_middleware.rb:29:in `call'
actionpack (5.2.1) lib/action_dispatch/middleware/executor.rb:14:in `call'
actionpack (5.2.1) lib/action_dispatch/middleware/static.rb:127:in `call'
rack (2.0.6) lib/rack/sendfile.rb:111:in `call'
railties (5.2.1) lib/rails/engine.rb:524:in `call'
puma (3.12.0) lib/puma/configuration.rb:225:in `call'
puma (3.12.0) lib/puma/server.rb:658:in `handle_request'
puma (3.12.0) lib/puma/server.rb:472:in `process_client'
puma (3.12.0) lib/puma/server.rb:332:in `block in run'
puma (3.12.0) lib/puma/thread_pool.rb:133:in `block in spawn_thread'
Started GET "/users/new" for 127.0.0.1 at 2018-11-15 11:17:38 -0800
Processing by UsersController#new as HTML
  Rendering users/new.html.erb within layouts/application
  Rendered users/_user_form.html.erb (0.5ms)
  Rendered users/new.html.erb within layouts/application (3.7ms)
  [1m[36mUser Load (0.5ms)[0m  [1m[34mSELECT  "users".* FROM "users" WHERE "users"."session_token" IS NULL LIMIT $1[0m  [["LIMIT", 1]]
  ↳ app/controllers/application_controller.rb:13
Completed 200 OK in 25ms (Views: 21.1ms | ActiveRecord: 0.5ms)


Started GET "/session/new" for 127.0.0.1 at 2018-11-15 11:17:39 -0800
Processing by SessionsController#new as HTML
  Rendering sessions/new.html.erb within layouts/application
  Rendered users/_user_form.html.erb (0.4ms)
  Rendered sessions/new.html.erb within layouts/application (3.2ms)
  [1m[36mUser Load (0.5ms)[0m  [1m[34mSELECT  "users".* FROM "users" WHERE "users"."session_token" IS NULL LIMIT $1[0m  [["LIMIT", 1]]
  ↳ app/controllers/application_controller.rb:13
Completed 200 OK in 22ms (Views: 18.6ms | ActiveRecord: 0.5ms)


Started GET "/users/new" for 127.0.0.1 at 2018-11-15 11:18:40 -0800
Processing by UsersController#new as HTML
  Rendering users/new.html.erb within layouts/application
  Rendered users/_user_form.html.erb (0.5ms)
  Rendered users/new.html.erb within layouts/application (3.9ms)
  [1m[36mUser Load (0.5ms)[0m  [1m[34mSELECT  "users".* FROM "users" WHERE "users"."session_token" IS NULL LIMIT $1[0m  [["LIMIT", 1]]
  ↳ app/controllers/application_controller.rb:13
Completed 200 OK in 26ms (Views: 22.0ms | ActiveRecord: 0.5ms)


Started GET "/users/new" for 127.0.0.1 at 2018-11-15 11:18:42 -0800
Processing by UsersController#new as HTML
  Rendering users/new.html.erb within layouts/application
  Rendered users/_user_form.html.erb (0.4ms)
  Rendered users/new.html.erb within layouts/application (3.1ms)
  [1m[36mUser Load (0.6ms)[0m  [1m[34mSELECT  "users".* FROM "users" WHERE "users"."session_token" IS NULL LIMIT $1[0m  [["LIMIT", 1]]
  ↳ app/controllers/application_controller.rb:13
Completed 200 OK in 22ms (Views: 18.2ms | ActiveRecord: 0.6ms)


Started GET "/session/new" for 127.0.0.1 at 2018-11-15 11:18:44 -0800
Processing by SessionsController#new as HTML
  Rendering sessions/new.html.erb within layouts/application
  Rendered users/_user_form.html.erb (0.5ms)
  Rendered sessions/new.html.erb within layouts/application (3.3ms)
  [1m[36mUser Load (0.5ms)[0m  [1m[34mSELECT  "users".* FROM "users" WHERE "users"."session_token" IS NULL LIMIT $1[0m  [["LIMIT", 1]]
  ↳ app/controllers/application_controller.rb:13
Completed 200 OK in 22ms (Views: 18.1ms | ActiveRecord: 0.5ms)


Started GET "/users/new" for 127.0.0.1 at 2018-11-15 11:18:44 -0800
Processing by UsersController#new as HTML
  Rendering users/new.html.erb within layouts/application
  Rendered users/_user_form.html.erb (0.4ms)
  Rendered users/new.html.erb within layouts/application (3.0ms)
  [1m[36mUser Load (0.5ms)[0m  [1m[34mSELECT  "users".* FROM "users" WHERE "users"."session_token" IS NULL LIMIT $1[0m  [["LIMIT", 1]]
  ↳ app/controllers/application_controller.rb:13
Completed 200 OK in 21ms (Views: 17.3ms | ActiveRecord: 0.5ms)


Started POST "/users" for 127.0.0.1 at 2018-11-15 11:18:56 -0800
Processing by UsersController#create as HTML
  Parameters: {"user"=>{"email"=>"jn@jn.com", "password"=>"[FILTERED]"}}
Can't verify CSRF token authenticity.
Completed 422 Unprocessable Entity in 1ms (ActiveRecord: 0.0ms)



ActionController::InvalidAuthenticityToken - ActionController::InvalidAuthenticityToken:

Started POST "/__better_errors/25e4b6eab67d507a/variables" for 127.0.0.1 at 2018-11-15 11:18:56 -0800
Started GET "/users/new" for 127.0.0.1 at 2018-11-15 11:20:20 -0800
Processing by UsersController#new as HTML
  Rendering users/new.html.erb within layouts/application
  Rendered users/_user_form.html.erb (0.5ms)
  Rendered users/new.html.erb within layouts/application (5.5ms)
  [1m[36mUser Load (0.6ms)[0m  [1m[34mSELECT  "users".* FROM "users" WHERE "users"."session_token" IS NULL LIMIT $1[0m  [["LIMIT", 1]]
  ↳ app/controllers/application_controller.rb:13
Completed 200 OK in 61ms (Views: 30.1ms | ActiveRecord: 13.4ms)


Started POST "/users" for 127.0.0.1 at 2018-11-15 11:20:30 -0800
Processing by UsersController#create as HTML
  Parameters: {"user"=>{"email"=>"jn@jn.com", "password"=>"[FILTERED]"}}
Can't verify CSRF token authenticity.
Completed 422 Unprocessable Entity in 1ms (ActiveRecord: 0.0ms)



ActionController::InvalidAuthenticityToken - ActionController::InvalidAuthenticityToken:

Started POST "/__better_errors/57117bfe954cba42/variables" for 127.0.0.1 at 2018-11-15 11:20:30 -0800
Started GET "/users/new" for 127.0.0.1 at 2018-11-15 11:22:10 -0800
Processing by UsersController#new as HTML
  Rendering users/new.html.erb within layouts/application
  Rendered users/_user_form.html.erb (0.5ms)
  Rendered users/new.html.erb within layouts/application (4.8ms)
  [1m[36mUser Load (0.5ms)[0m  [1m[34mSELECT  "users".* FROM "users" WHERE "users"."session_token" IS NULL LIMIT $1[0m  [["LIMIT", 1]]
  ↳ app/controllers/application_controller.rb:13
Completed 200 OK in 58ms (Views: 31.6ms | ActiveRecord: 7.3ms)


Started POST "/users" for 127.0.0.1 at 2018-11-15 11:22:20 -0800
Processing by UsersController#create as HTML
  Parameters: {"authenticity_token"=>"<%= form_authenticity_token %>\r\n    ", "user"=>{"email"=>"jn@jn.com", "password"=>"[FILTERED]"}}
Can't verify CSRF token authenticity.
Completed 422 Unprocessable Entity in 2ms (ActiveRecord: 0.0ms)



ActionController::InvalidAuthenticityToken - ActionController::InvalidAuthenticityToken:

Started POST "/__better_errors/644fce03eb5d7f0b/variables" for 127.0.0.1 at 2018-11-15 11:22:20 -0800
Started POST "/users" for 127.0.0.1 at 2018-11-15 11:23:19 -0800
Processing by UsersController#create as HTML
  Parameters: {"authenticity_token"=>"<%= form_authenticity_token %>\r\n    ", "user"=>{"email"=>"jn@jn.com", "password"=>"[FILTERED]"}}
Can't verify CSRF token authenticity.
Completed 422 Unprocessable Entity in 1ms (ActiveRecord: 0.0ms)



ActionController::InvalidAuthenticityToken - ActionController::InvalidAuthenticityToken:

Started POST "/__better_errors/abc3393f9db53aee/variables" for 127.0.0.1 at 2018-11-15 11:23:19 -0800
Started POST "/users" for 127.0.0.1 at 2018-11-15 11:24:01 -0800
Processing by UsersController#create as HTML
  Parameters: {"authenticity_token"=>"<%= form_authenticity_token %>\r\n    ", "user"=>{"email"=>"jn@jn.com", "password"=>"[FILTERED]"}}
Can't verify CSRF token authenticity.
Completed 422 Unprocessable Entity in 1ms (ActiveRecord: 0.0ms)



ActionController::InvalidAuthenticityToken - ActionController::InvalidAuthenticityToken:

Started POST "/__better_errors/b46b783f9a37f8e3/variables" for 127.0.0.1 at 2018-11-15 11:24:01 -0800
Started POST "/users" for 127.0.0.1 at 2018-11-15 11:24:26 -0800
Processing by UsersController#create as HTML
  Parameters: {"authenticity_token"=>"<%= form_authenticity_token %>\r\n    ", "user"=>{"email"=>"jn@jn.com", "password"=>"[FILTERED]"}}
Can't verify CSRF token authenticity.
Completed 422 Unprocessable Entity in 2ms (ActiveRecord: 0.0ms)



ActionController::InvalidAuthenticityToken - ActionController::InvalidAuthenticityToken:

Started POST "/__better_errors/9c713325dfe9cd21/variables" for 127.0.0.1 at 2018-11-15 11:24:27 -0800
Started GET "/users/new" for 127.0.0.1 at 2018-11-15 11:27:28 -0800
Processing by UsersController#new as HTML
  Rendering users/new.html.erb within layouts/application
  Rendered users/_user_form.html.erb (0.9ms)
  Rendered users/new.html.erb within layouts/application (6.5ms)
  [1m[36mUser Load (0.6ms)[0m  [1m[34mSELECT  "users".* FROM "users" WHERE "users"."session_token" IS NULL LIMIT $1[0m  [["LIMIT", 1]]
  ↳ app/controllers/application_controller.rb:13
Completed 200 OK in 71ms (Views: 37.6ms | ActiveRecord: 9.2ms)


Started POST "/users" for 127.0.0.1 at 2018-11-15 11:27:34 -0800
Processing by UsersController#create as HTML
  Parameters: {"authenticity_token"=>"<%= form_authenticity_token %>", "user"=>{"email"=>"jn@jn.com", "password"=>"[FILTERED]"}}
Can't verify CSRF token authenticity.
Completed 422 Unprocessable Entity in 9ms (ActiveRecord: 0.0ms)



ActionController::InvalidAuthenticityToken - ActionController::InvalidAuthenticityToken:

Started POST "/__better_errors/2d43125f1b2479a5/variables" for 127.0.0.1 at 2018-11-15 11:27:34 -0800
Started GET "/users/new" for 127.0.0.1 at 2018-11-15 11:30:56 -0800
Processing by UsersController#new as HTML
  Rendering users/new.html.erb within layouts/application
  Rendered users/_user_form.html.erb (0.8ms)
  Rendered users/new.html.erb within layouts/application (5.5ms)
  [1m[36mUser Load (0.6ms)[0m  [1m[34mSELECT  "users".* FROM "users" WHERE "users"."session_token" IS NULL LIMIT $1[0m  [["LIMIT", 1]]
  ↳ app/controllers/application_controller.rb:13
Completed 200 OK in 62ms (Views: 35.0ms | ActiveRecord: 8.1ms)


Started GET "/users/new" for 127.0.0.1 at 2018-11-15 11:31:11 -0800
  [1m[35m (1.9ms)[0m  [1m[34mSELECT "schema_migrations"."version" FROM "schema_migrations" ORDER BY "schema_migrations"."version" ASC[0m
  ↳ /Users/jnapolitan/.rvm/gems/ruby-2.3.1/gems/activerecord-5.2.1/lib/active_record/log_subscriber.rb:98
Processing by UsersController#new as HTML
  Rendering users/new.html.erb within layouts/application
  Rendered users/_user_form.html.erb (0.6ms)
  Rendered users/new.html.erb within layouts/application (6.5ms)
  [1m[36mUser Load (1.1ms)[0m  [1m[34mSELECT  "users".* FROM "users" WHERE "users"."session_token" IS NULL LIMIT $1[0m  [["LIMIT", 1]]
  ↳ app/controllers/application_controller.rb:13
Completed 200 OK in 287ms (Views: 236.6ms | ActiveRecord: 12.0ms)


Started POST "/users" for 127.0.0.1 at 2018-11-15 11:31:17 -0800
Processing by UsersController#create as HTML
  Parameters: {"authenticity_token"=>"03hMOEsC9qVHCU7Q/KBN7hRucBNUipJZDA9p2JZ/3pGdYfbeWybooieUByfi2m9mBbHeonmNXqsXqrzXnIr/1w==", "user"=>{"email"=>"jn@jn.com", "password"=>"[FILTERED]"}}
Completed 500 Internal Server Error in 4ms (ActiveRecord: 0.0ms)



NameError - uninitialized constant User::BCrypt:
  app/models/user.rb:19:in `password='
  app/controllers/users_controller.rb:8:in `create'

Started POST "/__better_errors/7698eac30f84e0d4/variables" for 127.0.0.1 at 2018-11-15 11:31:17 -0800
Started POST "/users" for 127.0.0.1 at 2018-11-15 11:31:55 -0800
Processing by UsersController#create as HTML
  Parameters: {"authenticity_token"=>"03hMOEsC9qVHCU7Q/KBN7hRucBNUipJZDA9p2JZ/3pGdYfbeWybooieUByfi2m9mBbHeonmNXqsXqrzXnIr/1w==", "user"=>{"email"=>"jn@jn.com", "password"=>"[FILTERED]"}}
Completed 500 Internal Server Error in 8ms (ActiveRecord: 0.0ms)



NameError - uninitialized constant User::BCrypt:
  app/models/user.rb:19:in `password='
  app/controllers/users_controller.rb:8:in `create'

Started POST "/__better_errors/b75bf904b4b183e0/variables" for 127.0.0.1 at 2018-11-15 11:31:55 -0800
Started GET "/users/new" for 127.0.0.1 at 2018-11-15 11:32:15 -0800
  [1m[35m (1.1ms)[0m  [1m[34mSELECT "schema_migrations"."version" FROM "schema_migrations" ORDER BY "schema_migrations"."version" ASC[0m
  ↳ /Users/jnapolitan/.rvm/gems/ruby-2.3.1/gems/activerecord-5.2.1/lib/active_record/log_subscriber.rb:98
Processing by UsersController#new as HTML
  Rendering users/new.html.erb within layouts/application
  Rendered users/_user_form.html.erb (0.6ms)
  Rendered users/new.html.erb within layouts/application (6.9ms)
  [1m[36mUser Load (0.7ms)[0m  [1m[34mSELECT  "users".* FROM "users" WHERE "users"."session_token" IS NULL LIMIT $1[0m  [["LIMIT", 1]]
  ↳ app/controllers/application_controller.rb:13
Completed 200 OK in 312ms (Views: 264.4ms | ActiveRecord: 8.9ms)


Started POST "/users" for 127.0.0.1 at 2018-11-15 11:32:21 -0800
Processing by UsersController#create as HTML
  Parameters: {"authenticity_token"=>"ZSai6Q0y5coKPRM3KJSfJFo18KCJuPPOA2rYR84UCeYrPxgPHRb7zWqgWsA27r2sS+peEaS/PzwYzw1IxOEooA==", "user"=>{"email"=>"jn@jn.com", "password"=>"[FILTERED]"}}
  [1m[35m (0.2ms)[0m  [1m[35mBEGIN[0m
  ↳ app/controllers/users_controller.rb:10
  [1m[36mUser Exists (1.6ms)[0m  [1m[34mSELECT  1 AS one FROM "users" WHERE "users"."email" = $1 LIMIT $2[0m  [["email", "jn@jn.com"], ["LIMIT", 1]]
  ↳ app/controllers/users_controller.rb:10
  [1m[36mUser Exists (0.4ms)[0m  [1m[34mSELECT  1 AS one FROM "users" WHERE "users"."session_token" = $1 LIMIT $2[0m  [["session_token", "gEIV0_Fwt0XJnYXfioOp_g"], ["LIMIT", 1]]
  ↳ app/controllers/users_controller.rb:10
  [1m[36mUser Create (6.8ms)[0m  [1m[32mINSERT INTO "users" ("email", "session_token", "password_digest", "created_at", "updated_at") VALUES ($1, $2, $3, $4, $5) RETURNING "id"[0m  [["email", "jn@jn.com"], ["session_token", "gEIV0_Fwt0XJnYXfioOp_g"], ["password_digest", "$2a$10$xB.rwadtDjzPxd8Wz93WhOoBt7/EzgvpZtlkVfYNO..RBECbXCROy"], ["created_at", "2018-11-15 19:32:21.648247"], ["updated_at", "2018-11-15 19:32:21.648247"]]
  ↳ app/controllers/users_controller.rb:10
  [1m[35m (0.4ms)[0m  [1m[35mCOMMIT[0m
  ↳ app/controllers/users_controller.rb:10
  [1m[35m (0.1ms)[0m  [1m[35mBEGIN[0m
  ↳ app/models/user.rb:24
  [1m[36mUser Exists (0.5ms)[0m  [1m[34mSELECT  1 AS one FROM "users" WHERE "users"."email" = $1 AND "users"."id" != $2 LIMIT $3[0m  [["email", "jn@jn.com"], ["id", 1], ["LIMIT", 1]]
  ↳ app/models/user.rb:24
  [1m[36mUser Exists (0.3ms)[0m  [1m[34mSELECT  1 AS one FROM "users" WHERE "users"."session_token" = $1 AND "users"."id" != $2 LIMIT $3[0m  [["session_token", "mnK-tX749VQj9A6BuBas8g"], ["id", 1], ["LIMIT", 1]]
  ↳ app/models/user.rb:24
  [1m[36mUser Update (2.9ms)[0m  [1m[33mUPDATE "users" SET "session_token" = $1, "updated_at" = $2 WHERE "users"."id" = $3[0m  [["session_token", "mnK-tX749VQj9A6BuBas8g"], ["updated_at", "2018-11-15 19:32:21.660594"], ["id", 1]]
  ↳ app/models/user.rb:24
  [1m[35m (0.3ms)[0m  [1m[35mCOMMIT[0m
  ↳ app/models/user.rb:24
Redirected to http://localhost:3000/users/1
Completed 302 Found in 93ms (ActiveRecord: 13.6ms)


Started GET "/users/1" for 127.0.0.1 at 2018-11-15 11:32:21 -0800

AbstractController::ActionNotFound - The action 'show' could not be found for UsersController:

Started POST "/__better_errors/67c09f73d73a15a7/variables" for 127.0.0.1 at 2018-11-15 11:32:21 -0800
  [1m[36mUser Load (0.9ms)[0m  [1m[34mSELECT  "users".* FROM "users" ORDER BY "users"."id" DESC LIMIT $1[0m  [["LIMIT", 1]]
Started GET "/" for 127.0.0.1 at 2018-11-15 11:34:17 -0800
Started GET "/users/1" for 127.0.0.1 at 2018-11-15 11:34:27 -0800
Started GET "/users/1" for 127.0.0.1 at 2018-11-15 11:34:27 -0800
Processing by Rails::WelcomeController#index as HTML
  Rendering /Users/jnapolitan/.rvm/gems/ruby-2.3.1/gems/railties-5.2.1/lib/rails/templates/rails/welcome/index.html.erb
  Rendered /Users/jnapolitan/.rvm/gems/ruby-2.3.1/gems/railties-5.2.1/lib/rails/templates/rails/welcome/index.html.erb (3.6ms)
Completed 200 OK in 14ms (Views: 7.9ms | ActiveRecord: 0.0ms)


Processing by UsersController#show as HTML
Processing by UsersController#show as HTML
  Parameters: {"id"=>"1"}
  Parameters: {"id"=>"1"}
  [1m[36mUser Load (0.6ms)[0m  [1m[34mSELECT  "users".* FROM "users" WHERE "users"."id" = $1 LIMIT $2[0m  [["id", 1], ["LIMIT", 1]]
  ↳ app/controllers/users_controller.rb:20
  [1m[36mUser Load (10.6ms)[0m  [1m[34mSELECT  "users".* FROM "users" WHERE "users"."id" = $1 LIMIT $2[0m  [["id", 1], ["LIMIT", 1]]
  ↳ app/controllers/users_controller.rb:20
  Rendering users/show.html.erb within layouts/application
  Rendering users/show.html.erb within layouts/application
  Rendered users/show.html.erb within layouts/application (0.8ms)
  Rendered users/show.html.erb within layouts/application (0.1ms)
  [1m[36mUser Load (1.8ms)[0m  [1m[34mSELECT  "users".* FROM "users" WHERE "users"."session_token" IS NULL LIMIT $1[0m  [["LIMIT", 1]]
  ↳ app/controllers/application_controller.rb:13
  [1m[36mUser Load (0.7ms)[0m  [1m[34mSELECT  "users".* FROM "users" WHERE "users"."session_token" IS NULL LIMIT $1[0m  [["LIMIT", 1]]
Completed 200 OK in 96ms (Views: 62.7ms | ActiveRecord: 2.4ms)


  ↳ app/controllers/application_controller.rb:13
Completed 200 OK in 97ms (Views: 60.6ms | ActiveRecord: 11.6ms)


Started GET "/session/new?authenticity_token=%2BOCVnkeOzeS2NRyXvB2ENgFMoL3x0Sf%2Buwiqd20NkHy2%2BS94V6rT49aoVWCiZ6a%2BEJMODNzW6wygrX94Z%2FixOg%3D%3D" for 127.0.0.1 at 2018-11-15 11:34:36 -0800
Processing by SessionsController#new as HTML
  Parameters: {"authenticity_token"=>"+OCVnkeOzeS2NRyXvB2ENgFMoL3x0Sf+uwiqd20NkHy2+S94V6rT49aoVWCiZ6a+EJMODNzW6wygrX94Z/ixOg=="}
  Rendering sessions/new.html.erb within layouts/application
  Rendered users/_user_form.html.erb (0.5ms)
  Rendered sessions/new.html.erb within layouts/application (4.1ms)
  [1m[36mUser Load (0.5ms)[0m  [1m[34mSELECT  "users".* FROM "users" WHERE "users"."session_token" IS NULL LIMIT $1[0m  [["LIMIT", 1]]
  ↳ app/controllers/application_controller.rb:13
Completed 200 OK in 31ms (Views: 26.5ms | ActiveRecord: 0.5ms)


Started POST "/session" for 127.0.0.1 at 2018-11-15 11:34:41 -0800
Processing by SessionsController#create as HTML
  Parameters: {"authenticity_token"=>"34qaX0KXFf6gSKZ3t4zBs1yPnbBsXM29oKb/LHjS0CqRkyC5UrML+cDV74Cp9uM7TVAzAUFbAU+7AyojcifxbA==", "user"=>{"email"=>"jn@jn.com", "password"=>"[FILTERED]"}}
  [1m[36mUser Load (0.5ms)[0m  [1m[34mSELECT  "users".* FROM "users" WHERE "users"."email" = $1 LIMIT $2[0m  [["email", "jn@jn.com"], ["LIMIT", 1]]
  ↳ app/models/user.rb:10
Completed 500 Internal Server Error in 4ms (ActiveRecord: 0.5ms)



ArgumentError - wrong number of arguments (given 1, expected 0):
  app/models/user.rb:14:in `is_password?'
  app/models/user.rb:11:in `find_by_credentials'
  app/controllers/sessions_controller.rb:7:in `create'

Started POST "/__better_errors/dfee55a12d352390/variables" for 127.0.0.1 at 2018-11-15 11:34:41 -0800
Started POST "/session" for 127.0.0.1 at 2018-11-15 11:35:12 -0800
Processing by SessionsController#create as HTML
  Parameters: {"authenticity_token"=>"34qaX0KXFf6gSKZ3t4zBs1yPnbBsXM29oKb/LHjS0CqRkyC5UrML+cDV74Cp9uM7TVAzAUFbAU+7AyojcifxbA==", "user"=>{"email"=>"jn@jn.com", "password"=>"[FILTERED]"}}
  [1m[36mUser Load (0.4ms)[0m  [1m[34mSELECT  "users".* FROM "users" WHERE "users"."email" = $1 LIMIT $2[0m  [["email", "jn@jn.com"], ["LIMIT", 1]]
  ↳ app/models/user.rb:10
  [1m[35m (0.2ms)[0m  [1m[35mBEGIN[0m
  ↳ app/models/user.rb:24
  [1m[36mUser Exists (0.6ms)[0m  [1m[34mSELECT  1 AS one FROM "users" WHERE "users"."email" = $1 AND "users"."id" != $2 LIMIT $3[0m  [["email", "jn@jn.com"], ["id", 1], ["LIMIT", 1]]
  ↳ app/models/user.rb:24
  [1m[36mUser Exists (0.8ms)[0m  [1m[34mSELECT  1 AS one FROM "users" WHERE "users"."session_token" = $1 AND "users"."id" != $2 LIMIT $3[0m  [["session_token", "sg0wgNNZMJSiLUt41k5irg"], ["id", 1], ["LIMIT", 1]]
  ↳ app/models/user.rb:24
  [1m[36mUser Update (0.6ms)[0m  [1m[33mUPDATE "users" SET "session_token" = $1, "updated_at" = $2 WHERE "users"."id" = $3[0m  [["session_token", "sg0wgNNZMJSiLUt41k5irg"], ["updated_at", "2018-11-15 19:35:12.845225"], ["id", 1]]
  ↳ app/models/user.rb:24
  [1m[35m (0.3ms)[0m  [1m[35mCOMMIT[0m
  ↳ app/models/user.rb:24
Redirected to http://localhost:3000/users/1
Completed 302 Found in 103ms (ActiveRecord: 14.6ms)


Started GET "/users/1" for 127.0.0.1 at 2018-11-15 11:35:14 -0800
Processing by UsersController#show as HTML
  Parameters: {"id"=>"1"}
  [1m[36mUser Load (0.6ms)[0m  [1m[34mSELECT  "users".* FROM "users" WHERE "users"."id" = $1 LIMIT $2[0m  [["id", 1], ["LIMIT", 1]]
  ↳ app/controllers/users_controller.rb:20
  Rendering users/show.html.erb within layouts/application
  Rendered users/show.html.erb within layouts/application (0.6ms)
  [1m[36mUser Load (0.5ms)[0m  [1m[34mSELECT  "users".* FROM "users" WHERE "users"."session_token" IS NULL LIMIT $1[0m  [["LIMIT", 1]]
  ↳ app/controllers/application_controller.rb:13
Completed 200 OK in 28ms (Views: 21.8ms | ActiveRecord: 1.1ms)


Started GET "/session/new?authenticity_token=8zvpOuJDRstL5zRR1U5YHfKxyf%2Bt%2FUseZQwneVMAa5S9IlPc8mdYzCt6fabLNHqV425nToD6h%2Bx%2BqfJ2WfVK0g%3D%3D" for 127.0.0.1 at 2018-11-15 11:35:42 -0800
Processing by SessionsController#new as HTML
  Parameters: {"authenticity_token"=>"8zvpOuJDRstL5zRR1U5YHfKxyf+t/UseZQwneVMAa5S9IlPc8mdYzCt6fabLNHqV425nToD6h+x+qfJ2WfVK0g=="}
  Rendering sessions/new.html.erb within layouts/application
  Rendered users/_user_form.html.erb (0.5ms)
  Rendered sessions/new.html.erb within layouts/application (3.7ms)
  [1m[36mUser Load (0.5ms)[0m  [1m[34mSELECT  "users".* FROM "users" WHERE "users"."session_token" IS NULL LIMIT $1[0m  [["LIMIT", 1]]
  ↳ app/controllers/application_controller.rb:13
Completed 200 OK in 27ms (Views: 22.1ms | ActiveRecord: 0.5ms)


  [1m[36mUser Load (0.7ms)[0m  [1m[34mSELECT  "users".* FROM "users" ORDER BY "users"."id" DESC LIMIT $1[0m  [["LIMIT", 1]]
  [1m[36mUser Load (0.5ms)[0m  [1m[34mSELECT  "users".* FROM "users" ORDER BY "users"."id" DESC LIMIT $1[0m  [["LIMIT", 1]]
Started POST "/session" for 127.0.0.1 at 2018-11-15 11:38:10 -0800
Processing by SessionsController#create as HTML
  Parameters: {"authenticity_token"=>"8eyOT3sSawLr0GLB9ZrHrK80+VYTUXYW/Ekq1m3ZpfC/9TSpazZ1BYtNKzbr4OUkvutX5z5WuuTn7P/ZZyyEtg==", "user"=>{"email"=>"jn@jn.com", "password"=>"[FILTERED]"}}
  [1m[36mUser Load (0.7ms)[0m  [1m[34mSELECT  "users".* FROM "users" WHERE "users"."email" = $1 LIMIT $2[0m  [["email", "jn@jn.com"], ["LIMIT", 1]]
  ↳ app/models/user.rb:10
  [1m[35m (0.2ms)[0m  [1m[35mBEGIN[0m
  ↳ app/models/user.rb:24
  [1m[36mUser Exists (0.5ms)[0m  [1m[34mSELECT  1 AS one FROM "users" WHERE "users"."email" = $1 AND "users"."id" != $2 LIMIT $3[0m  [["email", "jn@jn.com"], ["id", 1], ["LIMIT", 1]]
  ↳ app/models/user.rb:24
  [1m[36mUser Exists (0.4ms)[0m  [1m[34mSELECT  1 AS one FROM "users" WHERE "users"."session_token" = $1 AND "users"."id" != $2 LIMIT $3[0m  [["session_token", "PHxZJ9QTDA_g3AbkokkEUw"], ["id", 1], ["LIMIT", 1]]
  ↳ app/models/user.rb:24
  [1m[36mUser Update (0.6ms)[0m  [1m[33mUPDATE "users" SET "session_token" = $1, "updated_at" = $2 WHERE "users"."id" = $3[0m  [["session_token", "PHxZJ9QTDA_g3AbkokkEUw"], ["updated_at", "2018-11-15 19:38:10.350497"], ["id", 1]]
  ↳ app/models/user.rb:24
  [1m[35m (0.9ms)[0m  [1m[35mCOMMIT[0m
  ↳ app/models/user.rb:24
Redirected to http://localhost:3000/users/1
Completed 302 Found in 111ms (ActiveRecord: 12.1ms)


Started GET "/users/1" for 127.0.0.1 at 2018-11-15 11:38:10 -0800
Processing by UsersController#show as HTML
  Parameters: {"id"=>"1"}
  [1m[36mUser Load (0.5ms)[0m  [1m[34mSELECT  "users".* FROM "users" WHERE "users"."id" = $1 LIMIT $2[0m  [["id", 1], ["LIMIT", 1]]
  ↳ app/controllers/users_controller.rb:20
  Rendering users/show.html.erb within layouts/application
  Rendered users/show.html.erb within layouts/application (0.7ms)
  [1m[36mUser Load (0.7ms)[0m  [1m[34mSELECT  "users".* FROM "users" WHERE "users"."session_token" IS NULL LIMIT $1[0m  [["LIMIT", 1]]
  ↳ app/controllers/application_controller.rb:14
Completed 200 OK in 13078ms (Views: 13071.7ms | ActiveRecord: 1.2ms)


  [1m[36mUser Load (1.4ms)[0m  [1m[34mSELECT  "users".* FROM "users" ORDER BY "users"."id" DESC LIMIT $1[0m  [["LIMIT", 1]]
  [1m[36mUser Load (0.6ms)[0m  [1m[34mSELECT  "users".* FROM "users" ORDER BY "users"."id" DESC LIMIT $1[0m  [["LIMIT", 1]]
  [1m[36mUser Destroy (1.6ms)[0m  [1m[31mDELETE FROM "users" WHERE "users"."id" = $1[0m  [["id", 1]]
  [1m[36mUser Load (0.5ms)[0m  [1m[34mSELECT "users".* FROM "users"[0m
Started GET "/session/new?authenticity_token=FjdWpB9z7aS6vpuJNpDjb2hpCRLNT3yM2TN1XP7l085YLuxCD1fzo9oj0n4o6sHnebano%2BBIsH7ClqBT9BDyiA%3D%3D" for 127.0.0.1 at 2018-11-15 11:40:12 -0800
Processing by SessionsController#new as HTML
  Parameters: {"authenticity_token"=>"FjdWpB9z7aS6vpuJNpDjb2hpCRLNT3yM2TN1XP7l085YLuxCD1fzo9oj0n4o6sHnebano+BIsH7ClqBT9BDyiA=="}
  Rendering sessions/new.html.erb within layouts/application
  Rendered users/_user_form.html.erb (0.5ms)
  Rendered sessions/new.html.erb within layouts/application (3.5ms)
Completed 500 Internal Server Error in 29521ms (ActiveRecord: 0.0ms)



SystemExit - exit:
  (byebug):1:in `instance'
  app/controllers/application_controller.rb:14:in `current_user'
  app/views/layouts/application.html.erb:16:in `_app_views_layouts_application_html_erb___1928342019470118463_70333748859820'

Started POST "/__better_errors/40a0ad430d4e024e/variables" for 127.0.0.1 at 2018-11-15 11:40:42 -0800
Started GET "/session/new?authenticity_token=FjdWpB9z7aS6vpuJNpDjb2hpCRLNT3yM2TN1XP7l085YLuxCD1fzo9oj0n4o6sHnebano%2BBIsH7ClqBT9BDyiA%3D%3D" for 127.0.0.1 at 2018-11-15 11:40:48 -0800
Processing by SessionsController#new as HTML
  Parameters: {"authenticity_token"=>"FjdWpB9z7aS6vpuJNpDjb2hpCRLNT3yM2TN1XP7l085YLuxCD1fzo9oj0n4o6sHnebano+BIsH7ClqBT9BDyiA=="}
  Rendering sessions/new.html.erb within layouts/application
  Rendered users/_user_form.html.erb (3.9ms)
  Rendered sessions/new.html.erb within layouts/application (18.1ms)
  [1m[36mUser Load (1.4ms)[0m  [1m[34mSELECT  "users".* FROM "users" WHERE "users"."session_token" IS NULL LIMIT $1[0m  [["LIMIT", 1]]
  ↳ app/controllers/application_controller.rb:13
Completed 200 OK in 11262ms (Views: 11235.7ms | ActiveRecord: 5.9ms)


Started GET "/users/new?authenticity_token=Vb11%2BjwDAMsIpniNR4jeRSQZaftfJ0oXAUpy%2BLCPgq8bpM8cLCcezGg7MXpZ8vzNNcbHSnIghuUa76f3unqj6Q%3D%3D" for 127.0.0.1 at 2018-11-15 11:41:03 -0800
Processing by UsersController#new as HTML
  Parameters: {"authenticity_token"=>"Vb11+jwDAMsIpniNR4jeRSQZaftfJ0oXAUpy+LCPgq8bpM8cLCcezGg7MXpZ8vzNNcbHSnIghuUa76f3unqj6Q=="}
  Rendering users/new.html.erb within layouts/application
  Rendered users/_user_form.html.erb (0.6ms)
  Rendered users/new.html.erb within layouts/application (3.4ms)
  [1m[36mUser Load (0.9ms)[0m  [1m[34mSELECT  "users".* FROM "users" WHERE "users"."session_token" IS NULL LIMIT $1[0m  [["LIMIT", 1]]
  ↳ app/controllers/application_controller.rb:13
Completed 200 OK in 3630ms (Views: 3613.2ms | ActiveRecord: 6.1ms)


Started POST "/users" for 127.0.0.1 at 2018-11-15 11:41:14 -0800
Processing by UsersController#create as HTML
  Parameters: {"authenticity_token"=>"soUj/GqmuhA5+M26grRVRO1yzG+/8ueAGrvrSsjYn5/8nJkaeoKkF1llhE2cznfM/K1i3pL1K3IBHj5Fwi2+2Q==", "user"=>{"email"=>"jn@jn.com", "password"=>"[FILTERED]"}}
  [1m[35m (0.2ms)[0m  [1m[35mBEGIN[0m
  ↳ app/controllers/users_controller.rb:10
  [1m[36mUser Exists (1.4ms)[0m  [1m[34mSELECT  1 AS one FROM "users" WHERE "users"."email" = $1 LIMIT $2[0m  [["email", "jn@jn.com"], ["LIMIT", 1]]
  ↳ app/controllers/users_controller.rb:10
  [1m[36mUser Exists (0.3ms)[0m  [1m[34mSELECT  1 AS one FROM "users" WHERE "users"."session_token" = $1 LIMIT $2[0m  [["session_token", "HrlazJrULKwcqHuqmuyMfA"], ["LIMIT", 1]]
  ↳ app/controllers/users_controller.rb:10
  [1m[36mUser Create (0.4ms)[0m  [1m[32mINSERT INTO "users" ("email", "session_token", "password_digest", "created_at", "updated_at") VALUES ($1, $2, $3, $4, $5) RETURNING "id"[0m  [["email", "jn@jn.com"], ["session_token", "HrlazJrULKwcqHuqmuyMfA"], ["password_digest", "$2a$10$xsxEnRElrp7V3U0P5NUxIu77AeFJbcZIIITnmgi951B9ZUPP3JL.a"], ["created_at", "2018-11-15 19:41:14.609493"], ["updated_at", "2018-11-15 19:41:14.609493"]]
  ↳ app/controllers/users_controller.rb:10
  [1m[35m (0.9ms)[0m  [1m[35mCOMMIT[0m
  ↳ app/controllers/users_controller.rb:10
  [1m[35m (0.2ms)[0m  [1m[35mBEGIN[0m
  ↳ app/models/user.rb:24
  [1m[36mUser Exists (0.4ms)[0m  [1m[34mSELECT  1 AS one FROM "users" WHERE "users"."email" = $1 AND "users"."id" != $2 LIMIT $3[0m  [["email", "jn@jn.com"], ["id", 2], ["LIMIT", 1]]
  ↳ app/models/user.rb:24
  [1m[36mUser Exists (0.4ms)[0m  [1m[34mSELECT  1 AS one FROM "users" WHERE "users"."session_token" = $1 AND "users"."id" != $2 LIMIT $3[0m  [["session_token", "1LQMxrDfB5oTszgtPFDaEg"], ["id", 2], ["LIMIT", 1]]
  ↳ app/models/user.rb:24
  [1m[36mUser Update (0.4ms)[0m  [1m[33mUPDATE "users" SET "session_token" = $1, "updated_at" = $2 WHERE "users"."id" = $3[0m  [["session_token", "1LQMxrDfB5oTszgtPFDaEg"], ["updated_at", "2018-11-15 19:41:14.615256"], ["id", 2]]
  ↳ app/models/user.rb:24
  [1m[35m (0.3ms)[0m  [1m[35mCOMMIT[0m
  ↳ app/models/user.rb:24
Redirected to http://localhost:3000/users/2
Completed 302 Found in 83ms (ActiveRecord: 5.0ms)


Started GET "/users/2" for 127.0.0.1 at 2018-11-15 11:41:14 -0800
Processing by UsersController#show as HTML
  Parameters: {"id"=>"2"}
  [1m[36mUser Load (0.4ms)[0m  [1m[34mSELECT  "users".* FROM "users" WHERE "users"."id" = $1 LIMIT $2[0m  [["id", 2], ["LIMIT", 1]]
  ↳ app/controllers/users_controller.rb:20
  Rendering users/show.html.erb within layouts/application
  Rendered users/show.html.erb within layouts/application (0.5ms)
  [1m[36mUser Load (0.5ms)[0m  [1m[34mSELECT  "users".* FROM "users" WHERE "users"."session_token" IS NULL LIMIT $1[0m  [["LIMIT", 1]]
  ↳ app/controllers/application_controller.rb:13
Completed 200 OK in 66654ms (Views: 66649.3ms | ActiveRecord: 0.9ms)


  [1m[36mUser Load (1.2ms)[0m  [1m[34mSELECT  "users".* FROM "users" ORDER BY "users"."id" DESC LIMIT $1[0m  [["LIMIT", 1]]
  [1m[36mUser Destroy (1.5ms)[0m  [1m[31mDELETE FROM "users" WHERE "users"."id" = $1[0m  [["id", 2]]
Started GET "/users/new?authenticity_token=IDDUIrPIKogopQjXKHKPS1GBFO36d21KjM%2FyS5RaH3huKW7Eo%2Bw0j0g4QSA2CK3DQF66XNdwobiXaidEnq8%2BPg%3D%3D" for 127.0.0.1 at 2018-11-15 11:42:38 -0800
Processing by UsersController#new as HTML
  Parameters: {"authenticity_token"=>"IDDUIrPIKogopQjXKHKPS1GBFO36d21KjM/yS5RaH3huKW7Eo+w0j0g4QSA2CK3DQF66XNdwobiXaidEnq8+Pg=="}
  Rendering users/new.html.erb within layouts/application
  Rendered users/_user_form.html.erb (0.6ms)
  Rendered users/new.html.erb within layouts/application (4.4ms)
  [1m[36mUser Load (0.5ms)[0m  [1m[34mSELECT  "users".* FROM "users" WHERE "users"."session_token" IS NULL LIMIT $1[0m  [["LIMIT", 1]]
  ↳ app/controllers/application_controller.rb:13
Completed 200 OK in 43ms (Views: 22.9ms | ActiveRecord: 6.9ms)


Started POST "/users" for 127.0.0.1 at 2018-11-15 11:42:43 -0800
Processing by UsersController#create as HTML
  Parameters: {"authenticity_token"=>"7GUHWjtiDH8HxqsIF+WQ5l9CXzmICMhAMG7pvfG94MmifL28K0YSeGdb4v8Jn7JuTp3xiKUPBLIryzyy+0jBjw==", "user"=>{"email"=>"jn@jn.com", "password"=>"[FILTERED]"}}
  [1m[35m (0.2ms)[0m  [1m[35mBEGIN[0m
  ↳ app/controllers/users_controller.rb:10
  [1m[36mUser Exists (0.5ms)[0m  [1m[34mSELECT  1 AS one FROM "users" WHERE "users"."email" = $1 LIMIT $2[0m  [["email", "jn@jn.com"], ["LIMIT", 1]]
  ↳ app/controllers/users_controller.rb:10
  [1m[36mUser Exists (0.4ms)[0m  [1m[34mSELECT  1 AS one FROM "users" WHERE "users"."session_token" = $1 LIMIT $2[0m  [["session_token", "xg88xNeC8FHeECMrGM57xQ"], ["LIMIT", 1]]
  ↳ app/controllers/users_controller.rb:10
  [1m[36mUser Create (0.4ms)[0m  [1m[32mINSERT INTO "users" ("email", "session_token", "password_digest", "created_at", "updated_at") VALUES ($1, $2, $3, $4, $5) RETURNING "id"[0m  [["email", "jn@jn.com"], ["session_token", "xg88xNeC8FHeECMrGM57xQ"], ["password_digest", "$2a$10$v/ZYi.RC5VRy9XWShC/knubUrxzah4TobPsQOeSOJ6jdpjcBHkCUK"], ["created_at", "2018-11-15 19:42:43.302042"], ["updated_at", "2018-11-15 19:42:43.302042"]]
  ↳ app/controllers/users_controller.rb:10
  [1m[35m (0.4ms)[0m  [1m[35mCOMMIT[0m
  ↳ app/controllers/users_controller.rb:10
  [1m[35m (15.7ms)[0m  [1m[35mBEGIN[0m
  ↳ app/models/user.rb:24
  [1m[36mUser Exists (0.7ms)[0m  [1m[34mSELECT  1 AS one FROM "users" WHERE "users"."email" = $1 AND "users"."id" != $2 LIMIT $3[0m  [["email", "jn@jn.com"], ["id", 3], ["LIMIT", 1]]
  ↳ app/models/user.rb:24
  [1m[36mUser Exists (1.1ms)[0m  [1m[34mSELECT  1 AS one FROM "users" WHERE "users"."session_token" = $1 AND "users"."id" != $2 LIMIT $3[0m  [["session_token", "UHZI5GNkoe2DCfZ4n7NkBg"], ["id", 3], ["LIMIT", 1]]
  ↳ app/models/user.rb:24
  [1m[36mUser Update (2.6ms)[0m  [1m[33mUPDATE "users" SET "session_token" = $1, "updated_at" = $2 WHERE "users"."id" = $3[0m  [["session_token", "UHZI5GNkoe2DCfZ4n7NkBg"], ["updated_at", "2018-11-15 19:43:19.297321"], ["id", 3]]
  ↳ app/models/user.rb:24
  [1m[35m (0.5ms)[0m  [1m[35mCOMMIT[0m
  ↳ app/models/user.rb:24
Redirected to http://localhost:3000/users/3
Completed 302 Found in 36075ms (ActiveRecord: 22.4ms)


Started GET "/users/3" for 127.0.0.1 at 2018-11-15 11:43:19 -0800
Processing by UsersController#show as HTML
  Parameters: {"id"=>"3"}
  [1m[36mUser Load (0.4ms)[0m  [1m[34mSELECT  "users".* FROM "users" WHERE "users"."id" = $1 LIMIT $2[0m  [["id", 3], ["LIMIT", 1]]
  ↳ app/controllers/users_controller.rb:21
  Rendering users/show.html.erb within layouts/application
  Rendered users/show.html.erb within layouts/application (0.8ms)
  [1m[36mUser Load (0.7ms)[0m  [1m[34mSELECT  "users".* FROM "users" WHERE "users"."session_token" IS NULL LIMIT $1[0m  [["LIMIT", 1]]
  ↳ app/controllers/application_controller.rb:13
Completed 200 OK in 45ms (Views: 36.7ms | ActiveRecord: 1.1ms)


  [1m[36mUser Load (0.6ms)[0m  [1m[34mSELECT  "users".* FROM "users" ORDER BY "users"."id" DESC LIMIT $1[0m  [["LIMIT", 1]]
  [1m[36mUser Destroy (0.6ms)[0m  [1m[31mDELETE FROM "users" WHERE "users"."id" = $1[0m  [["id", 3]]
  [1m[36mUser Load (0.4ms)[0m  [1m[34mSELECT "users".* FROM "users"[0m
Started GET "/users/new?authenticity_token=lP0ClaleM%2FUaFlF5tCgInVIueRA%2B4uVe%2FLERR6%2F2yzPa5LhzuXot8nqLGI6qUioVQ%2FHXoRPlKaznFMRIpQPqdQ%3D%3D" for 127.0.0.1 at 2018-11-15 11:43:41 -0800
Processing by UsersController#new as HTML
  Parameters: {"authenticity_token"=>"lP0ClaleM/UaFlF5tCgInVIueRA+4uVe/LERR6/2yzPa5LhzuXot8nqLGI6qUioVQ/HXoRPlKaznFMRIpQPqdQ=="}
  Rendering users/new.html.erb within layouts/application
  Rendered users/_user_form.html.erb (0.6ms)
  Rendered users/new.html.erb within layouts/application (5.0ms)
  [1m[36mUser Load (1.0ms)[0m  [1m[34mSELECT  "users".* FROM "users" WHERE "users"."session_token" IS NULL LIMIT $1[0m  [["LIMIT", 1]]
  ↳ app/controllers/application_controller.rb:14
Completed 200 OK in 56ms (Views: 29.7ms | ActiveRecord: 7.4ms)


Started POST "/users" for 127.0.0.1 at 2018-11-15 11:43:51 -0800
Processing by UsersController#create as HTML
  Parameters: {"authenticity_token"=>"mA69ViGXEtZGXjNqBE9gCqa4RG31Lnto2J3Haf++xJbWFwewMbMM0SbDep0aNUKCt2fq3Ngpt5rDOBJm9Uvl0A==", "user"=>{"email"=>"jn@jn.com", "password"=>"[FILTERED]"}}
  [1m[35m (0.2ms)[0m  [1m[35mBEGIN[0m
  ↳ app/controllers/users_controller.rb:10
  [1m[36mUser Exists (0.5ms)[0m  [1m[34mSELECT  1 AS one FROM "users" WHERE "users"."email" = $1 LIMIT $2[0m  [["email", "jn@jn.com"], ["LIMIT", 1]]
  ↳ app/controllers/users_controller.rb:10
  [1m[36mUser Exists (0.5ms)[0m  [1m[34mSELECT  1 AS one FROM "users" WHERE "users"."session_token" = $1 LIMIT $2[0m  [["session_token", "RoDpj85AclLyjhHDW0sqpA"], ["LIMIT", 1]]
  ↳ app/controllers/users_controller.rb:10
  [1m[36mUser Create (2.1ms)[0m  [1m[32mINSERT INTO "users" ("email", "session_token", "password_digest", "created_at", "updated_at") VALUES ($1, $2, $3, $4, $5) RETURNING "id"[0m  [["email", "jn@jn.com"], ["session_token", "RoDpj85AclLyjhHDW0sqpA"], ["password_digest", "$2a$10$jEeBPXubOjUkk9nGZTyyMOWptK2D2Dvhy3TjFxWPzl3xwR71wFRnS"], ["created_at", "2018-11-15 19:43:51.444613"], ["updated_at", "2018-11-15 19:43:51.444613"]]
  ↳ app/controllers/users_controller.rb:10
  [1m[35m (0.3ms)[0m  [1m[35mCOMMIT[0m
  ↳ app/controllers/users_controller.rb:10
  [1m[35m (0.1ms)[0m  [1m[35mBEGIN[0m
  ↳ app/models/user.rb:24
  [1m[36mUser Exists (0.5ms)[0m  [1m[34mSELECT  1 AS one FROM "users" WHERE "users"."email" = $1 AND "users"."id" != $2 LIMIT $3[0m  [["email", "jn@jn.com"], ["id", 4], ["LIMIT", 1]]
  ↳ app/models/user.rb:24
  [1m[36mUser Exists (0.4ms)[0m  [1m[34mSELECT  1 AS one FROM "users" WHERE "users"."session_token" = $1 AND "users"."id" != $2 LIMIT $3[0m  [["session_token", "aMtZ9cKtE7mQes6hX6AQPQ"], ["id", 4], ["LIMIT", 1]]
  ↳ app/models/user.rb:24
  [1m[36mUser Update (0.6ms)[0m  [1m[33mUPDATE "users" SET "session_token" = $1, "updated_at" = $2 WHERE "users"."id" = $3[0m  [["session_token", "aMtZ9cKtE7mQes6hX6AQPQ"], ["updated_at", "2018-11-15 19:43:51.451700"], ["id", 4]]
  ↳ app/models/user.rb:24
  [1m[35m (0.6ms)[0m  [1m[35mCOMMIT[0m
  ↳ app/models/user.rb:24
Redirected to http://localhost:3000/users/4
Completed 302 Found in 41498ms (ActiveRecord: 5.8ms)


Started GET "/users/4" for 127.0.0.1 at 2018-11-15 11:44:32 -0800
Processing by UsersController#show as HTML
  Parameters: {"id"=>"4"}
  [1m[36mUser Load (0.4ms)[0m  [1m[34mSELECT  "users".* FROM "users" WHERE "users"."id" = $1 LIMIT $2[0m  [["id", 4], ["LIMIT", 1]]
  ↳ app/controllers/users_controller.rb:20
  Rendering users/show.html.erb within layouts/application
  Rendered users/show.html.erb within layouts/application (0.6ms)
  [1m[36mUser Load (0.5ms)[0m  [1m[34mSELECT  "users".* FROM "users" WHERE "users"."session_token" IS NULL LIMIT $1[0m  [["LIMIT", 1]]
  ↳ app/controllers/application_controller.rb:14
Completed 200 OK in 24ms (Views: 19.0ms | ActiveRecord: 1.0ms)


Started GET "/users/new?authenticity_token=EcwvQeMafGWxTb3CdJFPdAqu7QqMktCknApp8%2FSMtuJf1ZWn8z5iYtHQ9DVq6238G3FDu6GVHFaHr7z8%2FnmXpA%3D%3D" for 127.0.0.1 at 2018-11-15 11:44:45 -0800
Processing by UsersController#new as HTML
  Parameters: {"authenticity_token"=>"EcwvQeMafGWxTb3CdJFPdAqu7QqMktCknApp8/SMtuJf1ZWn8z5iYtHQ9DVq6238G3FDu6GVHFaHr7z8/nmXpA=="}
  Rendering users/new.html.erb within layouts/application
  Rendered users/_user_form.html.erb (0.5ms)
  Rendered users/new.html.erb within layouts/application (3.6ms)
  [1m[36mUser Load (0.5ms)[0m  [1m[34mSELECT  "users".* FROM "users" WHERE "users"."session_token" IS NULL LIMIT $1[0m  [["LIMIT", 1]]
  ↳ app/controllers/application_controller.rb:14
Completed 200 OK in 25ms (Views: 20.3ms | ActiveRecord: 0.5ms)


  [1m[36mUser Load (0.6ms)[0m  [1m[34mSELECT  "users".* FROM "users" ORDER BY "users"."id" DESC LIMIT $1[0m  [["LIMIT", 1]]
  [1m[36mUser Destroy (0.7ms)[0m  [1m[31mDELETE FROM "users" WHERE "users"."id" = $1[0m  [["id", 4]]
Started POST "/users" for 127.0.0.1 at 2018-11-15 11:45:28 -0800
Processing by UsersController#create as HTML
  Parameters: {"authenticity_token"=>"zV2YEVRMMsxMD4bdPYaW8BNakIQWYFHBdRz0njJsM/GDRCL3RGgsyyySzyoj/LR4AoU+NTtnnTNuuSGROJkStw==", "user"=>{"email"=>"jn@jn.com", "password"=>"[FILTERED]"}}
  [1m[35m (0.2ms)[0m  [1m[35mBEGIN[0m
  ↳ app/controllers/users_controller.rb:10
  [1m[36mUser Exists (0.7ms)[0m  [1m[34mSELECT  1 AS one FROM "users" WHERE "users"."email" = $1 LIMIT $2[0m  [["email", "jn@jn.com"], ["LIMIT", 1]]
  ↳ app/controllers/users_controller.rb:10
  [1m[36mUser Exists (0.4ms)[0m  [1m[34mSELECT  1 AS one FROM "users" WHERE "users"."session_token" = $1 LIMIT $2[0m  [["session_token", "0W9xz-tAbpFxKc_UtWxD7w"], ["LIMIT", 1]]
  ↳ app/controllers/users_controller.rb:10
  [1m[36mUser Create (0.4ms)[0m  [1m[32mINSERT INTO "users" ("email", "session_token", "password_digest", "created_at", "updated_at") VALUES ($1, $2, $3, $4, $5) RETURNING "id"[0m  [["email", "jn@jn.com"], ["session_token", "0W9xz-tAbpFxKc_UtWxD7w"], ["password_digest", "$2a$10$K1bS4loPNtRMCCFPCTZa9uSpyomskxQKexbzjrkzSvcgn8OY87Eou"], ["created_at", "2018-11-15 19:45:28.292060"], ["updated_at", "2018-11-15 19:45:28.292060"]]
  ↳ app/controllers/users_controller.rb:10
  [1m[35m (0.3ms)[0m  [1m[35mCOMMIT[0m
  ↳ app/controllers/users_controller.rb:10
  [1m[35m (0.1ms)[0m  [1m[35mBEGIN[0m
  ↳ app/models/user.rb:24
  [1m[36mUser Exists (0.5ms)[0m  [1m[34mSELECT  1 AS one FROM "users" WHERE "users"."email" = $1 AND "users"."id" != $2 LIMIT $3[0m  [["email", "jn@jn.com"], ["id", 5], ["LIMIT", 1]]
  ↳ app/models/user.rb:24
  [1m[36mUser Exists (0.4ms)[0m  [1m[34mSELECT  1 AS one FROM "users" WHERE "users"."session_token" = $1 AND "users"."id" != $2 LIMIT $3[0m  [["session_token", "aJsRClrTu32M8ACs6hjfJQ"], ["id", 5], ["LIMIT", 1]]
  ↳ app/models/user.rb:24
  [1m[36mUser Update (1.0ms)[0m  [1m[33mUPDATE "users" SET "session_token" = $1, "updated_at" = $2 WHERE "users"."id" = $3[0m  [["session_token", "aJsRClrTu32M8ACs6hjfJQ"], ["updated_at", "2018-11-15 19:45:28.297593"], ["id", 5]]
  ↳ app/models/user.rb:24
  [1m[35m (0.5ms)[0m  [1m[35mCOMMIT[0m
  ↳ app/models/user.rb:24
Redirected to http://localhost:3000/users/5
Completed 302 Found in 102ms (ActiveRecord: 11.7ms)


Started GET "/users/5" for 127.0.0.1 at 2018-11-15 11:45:28 -0800
Processing by UsersController#show as HTML
  Parameters: {"id"=>"5"}
  [1m[36mUser Load (0.3ms)[0m  [1m[34mSELECT  "users".* FROM "users" WHERE "users"."id" = $1 LIMIT $2[0m  [["id", 5], ["LIMIT", 1]]
  ↳ app/controllers/users_controller.rb:20
  Rendering users/show.html.erb within layouts/application
  Rendered users/show.html.erb within layouts/application (0.5ms)
  [1m[36mUser Load (0.5ms)[0m  [1m[34mSELECT  "users".* FROM "users" WHERE "users"."session_token" IS NULL LIMIT $1[0m  [["LIMIT", 1]]
  ↳ app/controllers/application_controller.rb:13
  [1m[36mCACHE User Load (0.0ms)[0m  [1m[34mSELECT  "users".* FROM "users" WHERE "users"."session_token" IS NULL LIMIT $1[0m  [["LIMIT", 1]]
  ↳ (byebug):1
  [1m[36mUser Load (0.5ms)[0m  [1m[34mSELECT  "users".* FROM "users" LIMIT $1[0m  [["LIMIT", 11]]
  ↳ app/controllers/application_controller.rb:15
  [1m[36mUser Load (0.5ms)[0m  [1m[34mSELECT  "users".* FROM "users" WHERE "users"."session_token" = $1 LIMIT $2[0m  [["session_token", "aJsRClrTu32M8ACs6hjfJQ"], ["LIMIT", 1]]
  ↳ (byebug):1
Completed 500 Internal Server Error in 79997ms (ActiveRecord: 1.8ms)



SystemExit - exit:
  (byebug):1:in `current_user'
  app/controllers/application_controller.rb:15:in `current_user'
  app/views/layouts/application.html.erb:16:in `_app_views_layouts_application_html_erb___1928342019470118463_70333751204200'

Started POST "/__better_errors/97fdc7ca4b8e315e/variables" for 127.0.0.1 at 2018-11-15 11:46:48 -0800
  [1m[36mUser Load (0.7ms)[0m  [1m[34mSELECT  "users".* FROM "users" ORDER BY "users"."id" DESC LIMIT $1[0m  [["LIMIT", 1]]
  [1m[36mUser Destroy (2.6ms)[0m  [1m[31mDELETE FROM "users" WHERE "users"."id" = $1[0m  [["id", 5]]
Started GET "/users/new" for 127.0.0.1 at 2018-11-15 11:46:59 -0800
Processing by UsersController#new as HTML
Started GET "/users/new" for 127.0.0.1 at 2018-11-15 11:46:59 -0800
  Rendering users/new.html.erb within layouts/application
  Rendered users/_user_form.html.erb (5.2ms)
  Rendered users/new.html.erb within layouts/application (19.5ms)
  [1m[36mUser Load (2.0ms)[0m  [1m[34mSELECT  "users".* FROM "users" WHERE "users"."session_token" IS NULL LIMIT $1[0m  [["LIMIT", 1]]
  ↳ app/controllers/application_controller.rb:13
Completed 200 OK in 14596ms (Views: 14432.2ms | ActiveRecord: 12.5ms)


Processing by UsersController#new as HTML
  Rendering users/new.html.erb within layouts/application
  Rendered users/_user_form.html.erb (0.2ms)
  Rendered users/new.html.erb within layouts/application (5.0ms)
  [1m[36mUser Load (0.6ms)[0m  [1m[34mSELECT  "users".* FROM "users" WHERE "users"."session_token" IS NULL LIMIT $1[0m  [["LIMIT", 1]]
  ↳ app/controllers/application_controller.rb:13
Completed 200 OK in 57ms (Views: 30.4ms | ActiveRecord: 9.3ms)


Started POST "/users" for 127.0.0.1 at 2018-11-15 11:47:20 -0800
Processing by UsersController#create as HTML
  Parameters: {"authenticity_token"=>"C9ZlT1i/GOGaYzlldPQ403bODE1Uck1wuEXrPpzhV2xFz9+pSJsG5vr+cJJqjhpbZxGi/Hl1gYKj4D4xlhR2Kg==", "user"=>{"email"=>"jn@jn.com", "password"=>"[FILTERED]"}}
  [1m[35m (0.2ms)[0m  [1m[35mBEGIN[0m
  ↳ app/controllers/users_controller.rb:10
  [1m[36mUser Exists (0.4ms)[0m  [1m[34mSELECT  1 AS one FROM "users" WHERE "users"."email" = $1 LIMIT $2[0m  [["email", "jn@jn.com"], ["LIMIT", 1]]
  ↳ app/controllers/users_controller.rb:10
  [1m[36mUser Exists (0.3ms)[0m  [1m[34mSELECT  1 AS one FROM "users" WHERE "users"."session_token" = $1 LIMIT $2[0m  [["session_token", "sReAkmnMmL5GXXE7KoFcaQ"], ["LIMIT", 1]]
  ↳ app/controllers/users_controller.rb:10
  [1m[36mUser Create (0.4ms)[0m  [1m[32mINSERT INTO "users" ("email", "session_token", "password_digest", "created_at", "updated_at") VALUES ($1, $2, $3, $4, $5) RETURNING "id"[0m  [["email", "jn@jn.com"], ["session_token", "sReAkmnMmL5GXXE7KoFcaQ"], ["password_digest", "$2a$10$QcaAgKLUhmu6vq/pgGfoN.pEMKVN0LA3frXtd01emUKevLI4CG/QC"], ["created_at", "2018-11-15 19:47:20.702500"], ["updated_at", "2018-11-15 19:47:20.702500"]]
  ↳ app/controllers/users_controller.rb:10
  [1m[35m (0.6ms)[0m  [1m[35mCOMMIT[0m
  ↳ app/controllers/users_controller.rb:10
  [1m[35m (0.1ms)[0m  [1m[35mBEGIN[0m
  ↳ app/models/user.rb:24
  [1m[36mUser Exists (0.5ms)[0m  [1m[34mSELECT  1 AS one FROM "users" WHERE "users"."email" = $1 AND "users"."id" != $2 LIMIT $3[0m  [["email", "jn@jn.com"], ["id", 6], ["LIMIT", 1]]
  ↳ app/models/user.rb:24
  [1m[36mUser Exists (0.5ms)[0m  [1m[34mSELECT  1 AS one FROM "users" WHERE "users"."session_token" = $1 AND "users"."id" != $2 LIMIT $3[0m  [["session_token", "0cGoUyP_omnqpQKzr-VLZQ"], ["id", 6], ["LIMIT", 1]]
  ↳ app/models/user.rb:24
  [1m[36mUser Update (1.9ms)[0m  [1m[33mUPDATE "users" SET "session_token" = $1, "updated_at" = $2 WHERE "users"."id" = $3[0m  [["session_token", "0cGoUyP_omnqpQKzr-VLZQ"], ["updated_at", "2018-11-15 19:47:20.708277"], ["id", 6]]
  ↳ app/models/user.rb:24
  [1m[35m (0.3ms)[0m  [1m[35mCOMMIT[0m
  ↳ app/models/user.rb:24
Redirected to http://localhost:3000/users/6
Completed 302 Found in 98ms (ActiveRecord: 11.7ms)


Started GET "/users/6" for 127.0.0.1 at 2018-11-15 11:47:20 -0800
Processing by UsersController#show as HTML
  Parameters: {"id"=>"6"}
  [1m[36mUser Load (0.3ms)[0m  [1m[34mSELECT  "users".* FROM "users" WHERE "users"."id" = $1 LIMIT $2[0m  [["id", 6], ["LIMIT", 1]]
  ↳ app/controllers/users_controller.rb:20
  Rendering users/show.html.erb within layouts/application
  Rendered users/show.html.erb within layouts/application (0.5ms)
  [1m[36mUser Load (0.7ms)[0m  [1m[34mSELECT  "users".* FROM "users" WHERE "users"."session_token" = $1 LIMIT $2[0m  [["session_token", "0cGoUyP_omnqpQKzr-VLZQ"], ["LIMIT", 1]]
  ↳ app/controllers/application_controller.rb:13
Completed 200 OK in 21ms (Views: 16.2ms | ActiveRecord: 1.0ms)


Started DELETE "/session" for 127.0.0.1 at 2018-11-15 11:49:50 -0800
Processing by SessionsController#destroy as HTML
  Parameters: {"authenticity_token"=>"ubBlfXhlZse6IPh6ttMKkdJ8NIckJ4qJdyEJGWtrMhb3qd+baEF4wNq9sY2oqSgZw6OaNgkgRntshNwWYZ4TUA=="}
Completed 500 Internal Server Error in 1ms (ActiveRecord: 0.0ms)



ArgumentError - wrong number of arguments (given 1, expected 0):
  app/controllers/application_controller.rb:24:in `logout'
  app/controllers/sessions_controller.rb:22:in `destroy'

Started POST "/__better_errors/5e362eebef3e90e5/variables" for 127.0.0.1 at 2018-11-15 11:49:50 -0800
Started DELETE "/session" for 127.0.0.1 at 2018-11-15 11:50:23 -0800
Processing by SessionsController#destroy as HTML
  Parameters: {"authenticity_token"=>"ubBlfXhlZse6IPh6ttMKkdJ8NIckJ4qJdyEJGWtrMhb3qd+baEF4wNq9sY2oqSgZw6OaNgkgRntshNwWYZ4TUA=="}
  [1m[36mUser Load (0.4ms)[0m  [1m[34mSELECT  "users".* FROM "users" WHERE "users"."session_token" = $1 LIMIT $2[0m  [["session_token", "0cGoUyP_omnqpQKzr-VLZQ"], ["LIMIT", 1]]
  ↳ app/controllers/application_controller.rb:13
  [1m[35m (0.2ms)[0m  [1m[35mBEGIN[0m
  ↳ app/models/user.rb:24
  [1m[36mUser Exists (0.5ms)[0m  [1m[34mSELECT  1 AS one FROM "users" WHERE "users"."email" = $1 AND "users"."id" != $2 LIMIT $3[0m  [["email", "jn@jn.com"], ["id", 6], ["LIMIT", 1]]
  ↳ app/models/user.rb:24
  [1m[36mUser Exists (0.4ms)[0m  [1m[34mSELECT  1 AS one FROM "users" WHERE "users"."session_token" = $1 AND "users"."id" != $2 LIMIT $3[0m  [["session_token", "K6gofI5vXGNr0KtdCbsukQ"], ["id", 6], ["LIMIT", 1]]
  ↳ app/models/user.rb:24
  [1m[36mUser Update (0.7ms)[0m  [1m[33mUPDATE "users" SET "session_token" = $1, "updated_at" = $2 WHERE "users"."id" = $3[0m  [["session_token", "K6gofI5vXGNr0KtdCbsukQ"], ["updated_at", "2018-11-15 19:50:23.578719"], ["id", 6]]
  ↳ app/models/user.rb:24
  [1m[35m (0.4ms)[0m  [1m[35mCOMMIT[0m
  ↳ app/models/user.rb:24
  Rendering sessions/new.html.erb within layouts/application
  Rendered users/_user_form.html.erb (1.4ms)
  Rendered sessions/new.html.erb within layouts/application (8.3ms)
  [1m[36mUser Load (0.6ms)[0m  [1m[34mSELECT  "users".* FROM "users" WHERE "users"."session_token" IS NULL LIMIT $1[0m  [["LIMIT", 1]]
  ↳ app/controllers/application_controller.rb:13
Completed 200 OK in 68ms (Views: 42.2ms | ActiveRecord: 9.6ms)


Started POST "/session" for 127.0.0.1 at 2018-11-15 11:50:28 -0800
Processing by SessionsController#create as HTML
  Parameters: {"authenticity_token"=>"0oP2bzl2qNaWgYi0YS5bb3y5hdRAuPMHusmVg1uvBZCcmkyJKVK20fYcwUN/VHnnbWYrZW2/P/WhbECMUVok1g==", "user"=>{"email"=>"jn@jn.com", "password"=>"[FILTERED]"}}
  [1m[36mUser Load (0.5ms)[0m  [1m[34mSELECT  "users".* FROM "users" WHERE "users"."email" = $1 LIMIT $2[0m  [["email", "jn@jn.com"], ["LIMIT", 1]]
  ↳ app/models/user.rb:10
  [1m[35m (0.2ms)[0m  [1m[35mBEGIN[0m
  ↳ app/models/user.rb:24
  [1m[36mUser Exists (0.6ms)[0m  [1m[34mSELECT  1 AS one FROM "users" WHERE "users"."email" = $1 AND "users"."id" != $2 LIMIT $3[0m  [["email", "jn@jn.com"], ["id", 6], ["LIMIT", 1]]
  ↳ app/models/user.rb:24
  [1m[36mUser Exists (0.4ms)[0m  [1m[34mSELECT  1 AS one FROM "users" WHERE "users"."session_token" = $1 AND "users"."id" != $2 LIMIT $3[0m  [["session_token", "6-CSaG0ILIgqEWUbFHY47w"], ["id", 6], ["LIMIT", 1]]
  ↳ app/models/user.rb:24
  [1m[36mUser Update (0.4ms)[0m  [1m[33mUPDATE "users" SET "session_token" = $1, "updated_at" = $2 WHERE "users"."id" = $3[0m  [["session_token", "6-CSaG0ILIgqEWUbFHY47w"], ["updated_at", "2018-11-15 19:50:28.962585"], ["id", 6]]
  ↳ app/models/user.rb:24
  [1m[35m (0.3ms)[0m  [1m[35mCOMMIT[0m
  ↳ app/models/user.rb:24
Redirected to http://localhost:3000/users/6
Completed 302 Found in 78ms (ActiveRecord: 2.5ms)


Started GET "/users/6" for 127.0.0.1 at 2018-11-15 11:50:28 -0800
Processing by UsersController#show as HTML
  Parameters: {"id"=>"6"}
  [1m[36mUser Load (0.3ms)[0m  [1m[34mSELECT  "users".* FROM "users" WHERE "users"."id" = $1 LIMIT $2[0m  [["id", 6], ["LIMIT", 1]]
  ↳ app/controllers/users_controller.rb:20
  Rendering users/show.html.erb within layouts/application
  Rendered users/show.html.erb within layouts/application (0.7ms)
  [1m[36mUser Load (0.5ms)[0m  [1m[34mSELECT  "users".* FROM "users" WHERE "users"."session_token" = $1 LIMIT $2[0m  [["session_token", "6-CSaG0ILIgqEWUbFHY47w"], ["LIMIT", 1]]
  ↳ app/controllers/application_controller.rb:13
Completed 200 OK in 35ms (Views: 29.1ms | ActiveRecord: 0.9ms)


Started DELETE "/session" for 127.0.0.1 at 2018-11-15 11:50:31 -0800
Processing by SessionsController#destroy as HTML
  Parameters: {"authenticity_token"=>"sQ4hmoSZO6bhBXiygorPZs3p5XapHs3Ub6Wm6hYV3IT/F5t8lL0loYGYMUWc8O3u3DZLx4QZASZ0AHPlHOD9wg=="}
  [1m[36mUser Load (0.4ms)[0m  [1m[34mSELECT  "users".* FROM "users" WHERE "users"."session_token" = $1 LIMIT $2[0m  [["session_token", "6-CSaG0ILIgqEWUbFHY47w"], ["LIMIT", 1]]
  ↳ app/controllers/application_controller.rb:13
  [1m[35m (0.2ms)[0m  [1m[35mBEGIN[0m
  ↳ app/models/user.rb:24
  [1m[36mUser Exists (0.5ms)[0m  [1m[34mSELECT  1 AS one FROM "users" WHERE "users"."email" = $1 AND "users"."id" != $2 LIMIT $3[0m  [["email", "jn@jn.com"], ["id", 6], ["LIMIT", 1]]
  ↳ app/models/user.rb:24
  [1m[36mUser Exists (0.4ms)[0m  [1m[34mSELECT  1 AS one FROM "users" WHERE "users"."session_token" = $1 AND "users"."id" != $2 LIMIT $3[0m  [["session_token", "BBU5Rs05oeEyDJwud1_owA"], ["id", 6], ["LIMIT", 1]]
  ↳ app/models/user.rb:24
  [1m[36mUser Update (0.6ms)[0m  [1m[33mUPDATE "users" SET "session_token" = $1, "updated_at" = $2 WHERE "users"."id" = $3[0m  [["session_token", "BBU5Rs05oeEyDJwud1_owA"], ["updated_at", "2018-11-15 19:50:31.066858"], ["id", 6]]
  ↳ app/models/user.rb:24
  [1m[35m (1.8ms)[0m  [1m[35mCOMMIT[0m
  ↳ app/models/user.rb:24
  Rendering sessions/new.html.erb within layouts/application
  Rendered users/_user_form.html.erb (0.6ms)
  Rendered sessions/new.html.erb within layouts/application (3.6ms)
  [1m[36mUser Load (0.5ms)[0m  [1m[34mSELECT  "users".* FROM "users" WHERE "users"."session_token" IS NULL LIMIT $1[0m  [["LIMIT", 1]]
  ↳ app/controllers/application_controller.rb:13
Completed 200 OK in 38ms (Views: 19.1ms | ActiveRecord: 4.3ms)


